{"/Users/lvxiaoer/Documents/codeWork/easy-manim/ui/playwright.config.ts": {"path":"/Users/lvxiaoer/Documents/codeWork/easy-manim/ui/playwright.config.ts","all":true,"statementMap":{"0":{"start":{"line":1,"column":0},"end":{"line":1,"column":57}},"2":{"start":{"line":3,"column":0},"end":{"line":3,"column":29}},"3":{"start":{"line":4,"column":0},"end":{"line":4,"column":25}},"4":{"start":{"line":5,"column":0},"end":{"line":5,"column":18}},"5":{"start":{"line":6,"column":0},"end":{"line":6,"column":30}},"6":{"start":{"line":7,"column":0},"end":{"line":7,"column":22}},"7":{"start":{"line":8,"column":0},"end":{"line":8,"column":34}},"8":{"start":{"line":9,"column":0},"end":{"line":9,"column":23}},"9":{"start":{"line":10,"column":0},"end":{"line":10,"column":8}},"10":{"start":{"line":11,"column":0},"end":{"line":11,"column":37}},"11":{"start":{"line":12,"column":0},"end":{"line":12,"column":30}},"12":{"start":{"line":13,"column":0},"end":{"line":13,"column":4}},"13":{"start":{"line":14,"column":0},"end":{"line":14,"column":13}},"14":{"start":{"line":15,"column":0},"end":{"line":15,"column":5}},"15":{"start":{"line":16,"column":0},"end":{"line":16,"column":23}},"16":{"start":{"line":17,"column":0},"end":{"line":17,"column":43}},"17":{"start":{"line":18,"column":0},"end":{"line":18,"column":5}},"18":{"start":{"line":19,"column":0},"end":{"line":19,"column":4}},"19":{"start":{"line":20,"column":0},"end":{"line":20,"column":14}},"20":{"start":{"line":21,"column":0},"end":{"line":21,"column":59}},"21":{"start":{"line":22,"column":0},"end":{"line":22,"column":33}},"22":{"start":{"line":23,"column":0},"end":{"line":23,"column":41}},"23":{"start":{"line":24,"column":0},"end":{"line":24,"column":19}},"24":{"start":{"line":25,"column":0},"end":{"line":25,"column":3}},"25":{"start":{"line":26,"column":0},"end":{"line":26,"column":3}}},"s":{"0":0,"2":0,"3":0,"4":0,"5":0,"6":0,"7":0,"8":0,"9":0,"10":0,"11":0,"12":0,"13":0,"14":0,"15":0,"16":0,"17":0,"18":0,"19":0,"20":0,"21":0,"22":0,"23":0,"24":0,"25":0},"branchMap":{"0":{"type":"branch","line":1,"loc":{"start":{"line":1,"column":607},"end":{"line":26,"column":3}},"locations":[{"start":{"line":1,"column":607},"end":{"line":26,"column":3}}]}},"b":{"0":[0]},"fnMap":{"0":{"name":"(empty-report)","decl":{"start":{"line":1,"column":607},"end":{"line":26,"column":3}},"loc":{"start":{"line":1,"column":607},"end":{"line":26,"column":3}},"line":1}},"f":{"0":0}}
,"/Users/lvxiaoer/Documents/codeWork/easy-manim/ui/src/main.tsx": {"path":"/Users/lvxiaoer/Documents/codeWork/easy-manim/ui/src/main.tsx","all":true,"statementMap":{"0":{"start":{"line":1,"column":0},"end":{"line":1,"column":35}},"1":{"start":{"line":2,"column":0},"end":{"line":2,"column":46}},"2":{"start":{"line":3,"column":0},"end":{"line":3,"column":49}},"3":{"start":{"line":4,"column":0},"end":{"line":4,"column":32}},"4":{"start":{"line":5,"column":0},"end":{"line":5,"column":62}},"7":{"start":{"line":8,"column":0},"end":{"line":8,"column":33}},"10":{"start":{"line":11,"column":0},"end":{"line":11,"column":5}},"11":{"start":{"line":12,"column":0},"end":{"line":12,"column":66}},"12":{"start":{"line":13,"column":0},"end":{"line":13,"column":61}},"13":{"start":{"line":14,"column":0},"end":{"line":14,"column":9}},"14":{"start":{"line":15,"column":0},"end":{"line":15,"column":61}},"15":{"start":{"line":16,"column":0},"end":{"line":16,"column":1}},"17":{"start":{"line":18,"column":0},"end":{"line":18,"column":52}},"18":{"start":{"line":19,"column":0},"end":{"line":19,"column":14}},"19":{"start":{"line":20,"column":0},"end":{"line":20,"column":19}},"20":{"start":{"line":21,"column":0},"end":{"line":21,"column":13}},"21":{"start":{"line":22,"column":0},"end":{"line":22,"column":20}},"22":{"start":{"line":23,"column":0},"end":{"line":23,"column":15}},"23":{"start":{"line":24,"column":0},"end":{"line":24,"column":2}}},"s":{"0":0,"1":0,"2":0,"3":0,"4":0,"7":0,"10":0,"11":0,"12":0,"13":0,"14":0,"15":0,"17":0,"18":0,"19":0,"20":0,"21":0,"22":0,"23":0},"branchMap":{"0":{"type":"branch","line":1,"loc":{"start":{"line":1,"column":589},"end":{"line":24,"column":-406}},"locations":[{"start":{"line":1,"column":589},"end":{"line":24,"column":-406}}]}},"b":{"0":[0]},"fnMap":{"0":{"name":"(empty-report)","decl":{"start":{"line":1,"column":589},"end":{"line":24,"column":-406}},"loc":{"start":{"line":1,"column":589},"end":{"line":24,"column":-406}},"line":1}},"f":{"0":0}}
,"/Users/lvxiaoer/Documents/codeWork/easy-manim/ui/src/app/App.tsx": {"path":"/Users/lvxiaoer/Documents/codeWork/easy-manim/ui/src/app/App.tsx","all":false,"statementMap":{"0":{"start":{"line":1,"column":0},"end":{"line":1,"column":39}},"1":{"start":{"line":2,"column":0},"end":{"line":2,"column":80}},"3":{"start":{"line":4,"column":0},"end":{"line":4,"column":55}},"4":{"start":{"line":5,"column":0},"end":{"line":5,"column":57}},"5":{"start":{"line":6,"column":0},"end":{"line":6,"column":60}},"6":{"start":{"line":7,"column":0},"end":{"line":7,"column":54}},"7":{"start":{"line":8,"column":0},"end":{"line":8,"column":45}},"8":{"start":{"line":9,"column":0},"end":{"line":9,"column":42}},"9":{"start":{"line":10,"column":0},"end":{"line":10,"column":19}},"10":{"start":{"line":11,"column":0},"end":{"line":11,"column":36}},"13":{"start":{"line":14,"column":0},"end":{"line":14,"column":32}},"14":{"start":{"line":15,"column":0},"end":{"line":15,"column":83}},"15":{"start":{"line":16,"column":0},"end":{"line":16,"column":2}},"16":{"start":{"line":17,"column":0},"end":{"line":17,"column":37}},"17":{"start":{"line":18,"column":0},"end":{"line":18,"column":93}},"18":{"start":{"line":19,"column":0},"end":{"line":19,"column":2}},"19":{"start":{"line":20,"column":0},"end":{"line":20,"column":33}},"20":{"start":{"line":21,"column":0},"end":{"line":21,"column":86}},"21":{"start":{"line":22,"column":0},"end":{"line":22,"column":2}},"22":{"start":{"line":23,"column":0},"end":{"line":23,"column":33}},"23":{"start":{"line":24,"column":0},"end":{"line":24,"column":86}},"24":{"start":{"line":25,"column":0},"end":{"line":25,"column":2}},"25":{"start":{"line":26,"column":0},"end":{"line":26,"column":34}},"26":{"start":{"line":27,"column":0},"end":{"line":27,"column":89}},"27":{"start":{"line":28,"column":0},"end":{"line":28,"column":2}},"28":{"start":{"line":29,"column":0},"end":{"line":29,"column":32}},"29":{"start":{"line":30,"column":0},"end":{"line":30,"column":83}},"30":{"start":{"line":31,"column":0},"end":{"line":31,"column":2}},"31":{"start":{"line":32,"column":0},"end":{"line":32,"column":37}},"32":{"start":{"line":33,"column":0},"end":{"line":33,"column":93}},"33":{"start":{"line":34,"column":0},"end":{"line":34,"column":2}},"36":{"start":{"line":37,"column":0},"end":{"line":37,"column":24}},"37":{"start":{"line":38,"column":0},"end":{"line":38,"column":43}},"38":{"start":{"line":39,"column":0},"end":{"line":39,"column":33}},"40":{"start":{"line":41,"column":0},"end":{"line":41,"column":25}},"41":{"start":{"line":42,"column":0},"end":{"line":42,"column":80}},"42":{"start":{"line":43,"column":0},"end":{"line":43,"column":3}},"43":{"start":{"line":44,"column":0},"end":{"line":44,"column":20}},"44":{"start":{"line":45,"column":0},"end":{"line":45,"column":1}},"47":{"start":{"line":48,"column":0},"end":{"line":48,"column":25}},"48":{"start":{"line":49,"column":0},"end":{"line":49,"column":10}},"49":{"start":{"line":50,"column":0},"end":{"line":50,"column":8}},"50":{"start":{"line":51,"column":0},"end":{"line":51,"column":14}},"51":{"start":{"line":52,"column":0},"end":{"line":52,"column":27}},"52":{"start":{"line":53,"column":0},"end":{"line":53,"column":24}},"53":{"start":{"line":54,"column":0},"end":{"line":54,"column":29}},"54":{"start":{"line":55,"column":0},"end":{"line":55,"column":33}},"55":{"start":{"line":56,"column":0},"end":{"line":56,"column":8}},"57":{"start":{"line":58,"column":0},"end":{"line":58,"column":22}},"58":{"start":{"line":59,"column":0},"end":{"line":59,"column":10}},"60":{"start":{"line":61,"column":0},"end":{"line":61,"column":1}},"63":{"start":{"line":64,"column":0},"end":{"line":64,"column":23}},"64":{"start":{"line":65,"column":0},"end":{"line":65,"column":22}},"66":{"start":{"line":67,"column":0},"end":{"line":67,"column":10}},"67":{"start":{"line":68,"column":0},"end":{"line":68,"column":19}},"68":{"start":{"line":69,"column":0},"end":{"line":69,"column":44}},"69":{"start":{"line":70,"column":0},"end":{"line":70,"column":16}},"71":{"start":{"line":72,"column":0},"end":{"line":72,"column":57}},"74":{"start":{"line":75,"column":0},"end":{"line":75,"column":43}},"76":{"start":{"line":77,"column":0},"end":{"line":77,"column":51}},"77":{"start":{"line":78,"column":0},"end":{"line":78,"column":57}},"80":{"start":{"line":81,"column":0},"end":{"line":81,"column":63}},"81":{"start":{"line":82,"column":0},"end":{"line":82,"column":76}},"82":{"start":{"line":83,"column":0},"end":{"line":83,"column":65}},"83":{"start":{"line":84,"column":0},"end":{"line":84,"column":65}},"84":{"start":{"line":85,"column":0},"end":{"line":85,"column":67}},"85":{"start":{"line":86,"column":0},"end":{"line":86,"column":63}},"86":{"start":{"line":87,"column":0},"end":{"line":87,"column":75}},"87":{"start":{"line":88,"column":0},"end":{"line":88,"column":18}},"88":{"start":{"line":89,"column":0},"end":{"line":89,"column":17}},"89":{"start":{"line":90,"column":0},"end":{"line":90,"column":17}},"90":{"start":{"line":91,"column":0},"end":{"line":91,"column":20}},"92":{"start":{"line":93,"column":0},"end":{"line":93,"column":1}}},"s":{"0":1,"1":1,"3":1,"4":1,"5":1,"6":1,"7":1,"8":1,"9":1,"10":1,"13":1,"14":1,"15":1,"16":1,"17":0,"18":1,"19":1,"20":0,"21":1,"22":1,"23":0,"24":1,"25":1,"26":0,"27":1,"28":1,"29":0,"30":1,"31":1,"32":0,"33":1,"36":5,"37":5,"38":5,"40":5,"41":2,"42":2,"43":3,"44":3,"47":1,"48":1,"49":1,"50":1,"51":1,"52":1,"53":1,"54":1,"55":1,"57":1,"58":1,"60":1,"63":1,"64":4,"66":4,"67":4,"68":4,"69":4,"71":4,"74":4,"76":4,"77":4,"80":4,"81":4,"82":4,"83":4,"84":4,"85":4,"86":4,"87":4,"88":4,"89":4,"90":4,"92":4},"branchMap":{"0":{"type":"branch","line":14,"loc":{"start":{"line":14,"column":27},"end":{"line":15,"column":83}},"locations":[{"start":{"line":14,"column":27},"end":{"line":15,"column":83}}]},"1":{"type":"branch","line":15,"loc":{"start":{"line":15,"column":48},"end":{"line":15,"column":83}},"locations":[{"start":{"line":15,"column":48},"end":{"line":15,"column":83}}]},"2":{"type":"branch","line":37,"loc":{"start":{"line":37,"column":0},"end":{"line":45,"column":1}},"locations":[{"start":{"line":37,"column":0},"end":{"line":45,"column":1}}]},"3":{"type":"branch","line":41,"loc":{"start":{"line":41,"column":24},"end":{"line":43,"column":3}},"locations":[{"start":{"line":41,"column":24},"end":{"line":43,"column":3}}]},"4":{"type":"branch","line":43,"loc":{"start":{"line":43,"column":2},"end":{"line":45,"column":1}},"locations":[{"start":{"line":43,"column":2},"end":{"line":45,"column":1}}]},"5":{"type":"branch","line":48,"loc":{"start":{"line":48,"column":0},"end":{"line":61,"column":1}},"locations":[{"start":{"line":48,"column":0},"end":{"line":61,"column":1}}]},"6":{"type":"branch","line":64,"loc":{"start":{"line":64,"column":7},"end":{"line":93,"column":1}},"locations":[{"start":{"line":64,"column":7},"end":{"line":93,"column":1}}]}},"b":{"0":[1],"1":[1],"2":[5],"3":[2],"4":[3],"5":[1],"6":[4]},"fnMap":{"0":{"name":"RequireAuth","decl":{"start":{"line":37,"column":0},"end":{"line":45,"column":1}},"loc":{"start":{"line":37,"column":0},"end":{"line":45,"column":1}},"line":37},"1":{"name":"RouteLoading","decl":{"start":{"line":48,"column":0},"end":{"line":61,"column":1}},"loc":{"start":{"line":48,"column":0},"end":{"line":61,"column":1}},"line":48},"2":{"name":"App","decl":{"start":{"line":64,"column":7},"end":{"line":93,"column":1}},"loc":{"start":{"line":64,"column":7},"end":{"line":93,"column":1}},"line":64}},"f":{"0":5,"1":1,"2":4}}
,"/Users/lvxiaoer/Documents/codeWork/easy-manim/ui/src/app/locale.tsx": {"path":"/Users/lvxiaoer/Documents/codeWork/easy-manim/ui/src/app/locale.tsx","all":false,"statementMap":{"0":{"start":{"line":1,"column":0},"end":{"line":1,"column":65}},"7":{"start":{"line":8,"column":0},"end":{"line":8,"column":39}},"8":{"start":{"line":9,"column":0},"end":{"line":9,"column":39}},"9":{"start":{"line":10,"column":0},"end":{"line":10,"column":40}},"11":{"start":{"line":12,"column":0},"end":{"line":12,"column":64}},"12":{"start":{"line":13,"column":0},"end":{"line":13,"column":12}},"13":{"start":{"line":14,"column":0},"end":{"line":14,"column":39}},"14":{"start":{"line":15,"column":0},"end":{"line":15,"column":30}},"15":{"start":{"line":16,"column":0},"end":{"line":16,"column":28}},"16":{"start":{"line":17,"column":0},"end":{"line":17,"column":37}},"17":{"start":{"line":18,"column":0},"end":{"line":18,"column":29}},"18":{"start":{"line":19,"column":0},"end":{"line":19,"column":38}},"19":{"start":{"line":20,"column":0},"end":{"line":20,"column":29}},"20":{"start":{"line":21,"column":0},"end":{"line":21,"column":37}},"21":{"start":{"line":22,"column":0},"end":{"line":22,"column":30}},"22":{"start":{"line":23,"column":0},"end":{"line":23,"column":39}},"23":{"start":{"line":24,"column":0},"end":{"line":24,"column":28}},"24":{"start":{"line":25,"column":0},"end":{"line":25,"column":36}},"25":{"start":{"line":26,"column":0},"end":{"line":26,"column":31}},"26":{"start":{"line":27,"column":0},"end":{"line":27,"column":30}},"27":{"start":{"line":28,"column":0},"end":{"line":28,"column":32}},"28":{"start":{"line":29,"column":0},"end":{"line":29,"column":30}},"29":{"start":{"line":30,"column":0},"end":{"line":30,"column":29}},"30":{"start":{"line":31,"column":0},"end":{"line":31,"column":35}},"31":{"start":{"line":32,"column":0},"end":{"line":32,"column":30}},"32":{"start":{"line":33,"column":0},"end":{"line":33,"column":38}},"33":{"start":{"line":34,"column":0},"end":{"line":34,"column":30}},"34":{"start":{"line":35,"column":0},"end":{"line":35,"column":28}},"35":{"start":{"line":36,"column":0},"end":{"line":36,"column":24}},"36":{"start":{"line":37,"column":0},"end":{"line":37,"column":33}},"37":{"start":{"line":38,"column":0},"end":{"line":38,"column":43}},"38":{"start":{"line":39,"column":0},"end":{"line":39,"column":37}},"39":{"start":{"line":40,"column":0},"end":{"line":40,"column":39}},"40":{"start":{"line":41,"column":0},"end":{"line":41,"column":28}},"41":{"start":{"line":42,"column":0},"end":{"line":42,"column":37}},"42":{"start":{"line":43,"column":0},"end":{"line":43,"column":32}},"43":{"start":{"line":44,"column":0},"end":{"line":44,"column":45}},"44":{"start":{"line":45,"column":0},"end":{"line":45,"column":53}},"45":{"start":{"line":46,"column":0},"end":{"line":46,"column":32}},"46":{"start":{"line":47,"column":0},"end":{"line":47,"column":25}},"47":{"start":{"line":48,"column":0},"end":{"line":48,"column":42}},"48":{"start":{"line":49,"column":0},"end":{"line":49,"column":34}},"49":{"start":{"line":50,"column":0},"end":{"line":50,"column":27}},"50":{"start":{"line":51,"column":0},"end":{"line":51,"column":26}},"51":{"start":{"line":52,"column":0},"end":{"line":52,"column":24}},"52":{"start":{"line":53,"column":0},"end":{"line":53,"column":29}},"53":{"start":{"line":54,"column":0},"end":{"line":54,"column":6}},"54":{"start":{"line":55,"column":0},"end":{"line":55,"column":32}},"55":{"start":{"line":56,"column":0},"end":{"line":56,"column":31}},"56":{"start":{"line":57,"column":0},"end":{"line":57,"column":66}},"57":{"start":{"line":58,"column":0},"end":{"line":58,"column":32}},"58":{"start":{"line":59,"column":0},"end":{"line":59,"column":33}},"59":{"start":{"line":60,"column":0},"end":{"line":60,"column":36}},"60":{"start":{"line":61,"column":0},"end":{"line":61,"column":32}},"61":{"start":{"line":62,"column":0},"end":{"line":62,"column":32}},"62":{"start":{"line":63,"column":0},"end":{"line":63,"column":32}},"63":{"start":{"line":64,"column":0},"end":{"line":64,"column":32}},"64":{"start":{"line":65,"column":0},"end":{"line":65,"column":69}},"65":{"start":{"line":66,"column":0},"end":{"line":66,"column":39}},"66":{"start":{"line":67,"column":0},"end":{"line":67,"column":31}},"67":{"start":{"line":68,"column":0},"end":{"line":68,"column":27}},"68":{"start":{"line":69,"column":0},"end":{"line":69,"column":34}},"69":{"start":{"line":70,"column":0},"end":{"line":70,"column":33}},"70":{"start":{"line":71,"column":0},"end":{"line":71,"column":28}},"71":{"start":{"line":72,"column":0},"end":{"line":72,"column":29}},"72":{"start":{"line":73,"column":0},"end":{"line":73,"column":40}},"73":{"start":{"line":74,"column":0},"end":{"line":74,"column":30}},"74":{"start":{"line":75,"column":0},"end":{"line":75,"column":39}},"75":{"start":{"line":76,"column":0},"end":{"line":76,"column":58}},"76":{"start":{"line":77,"column":0},"end":{"line":77,"column":38}},"77":{"start":{"line":78,"column":0},"end":{"line":78,"column":30}},"78":{"start":{"line":79,"column":0},"end":{"line":79,"column":31}},"79":{"start":{"line":80,"column":0},"end":{"line":80,"column":32}},"80":{"start":{"line":81,"column":0},"end":{"line":81,"column":30}},"81":{"start":{"line":82,"column":0},"end":{"line":82,"column":42}},"82":{"start":{"line":83,"column":0},"end":{"line":83,"column":42}},"83":{"start":{"line":84,"column":0},"end":{"line":84,"column":33}},"84":{"start":{"line":85,"column":0},"end":{"line":85,"column":30}},"85":{"start":{"line":86,"column":0},"end":{"line":86,"column":62}},"86":{"start":{"line":87,"column":0},"end":{"line":87,"column":32}},"87":{"start":{"line":88,"column":0},"end":{"line":88,"column":30}},"88":{"start":{"line":89,"column":0},"end":{"line":89,"column":30}},"89":{"start":{"line":90,"column":0},"end":{"line":90,"column":27}},"90":{"start":{"line":91,"column":0},"end":{"line":91,"column":39}},"91":{"start":{"line":92,"column":0},"end":{"line":92,"column":31}},"92":{"start":{"line":93,"column":0},"end":{"line":93,"column":32}},"93":{"start":{"line":94,"column":0},"end":{"line":94,"column":44}},"94":{"start":{"line":95,"column":0},"end":{"line":95,"column":33}},"95":{"start":{"line":96,"column":0},"end":{"line":96,"column":37}},"96":{"start":{"line":97,"column":0},"end":{"line":97,"column":43}},"97":{"start":{"line":98,"column":0},"end":{"line":98,"column":39}},"98":{"start":{"line":99,"column":0},"end":{"line":99,"column":41}},"99":{"start":{"line":100,"column":0},"end":{"line":100,"column":33}},"100":{"start":{"line":101,"column":0},"end":{"line":101,"column":30}},"101":{"start":{"line":102,"column":0},"end":{"line":102,"column":51}},"102":{"start":{"line":103,"column":0},"end":{"line":103,"column":27}},"103":{"start":{"line":104,"column":0},"end":{"line":104,"column":36}},"104":{"start":{"line":105,"column":0},"end":{"line":105,"column":36}},"105":{"start":{"line":106,"column":0},"end":{"line":106,"column":35}},"106":{"start":{"line":107,"column":0},"end":{"line":107,"column":36}},"107":{"start":{"line":108,"column":0},"end":{"line":108,"column":32}},"108":{"start":{"line":109,"column":0},"end":{"line":109,"column":25}},"109":{"start":{"line":110,"column":0},"end":{"line":110,"column":33}},"110":{"start":{"line":111,"column":0},"end":{"line":111,"column":27}},"111":{"start":{"line":112,"column":0},"end":{"line":112,"column":33}},"112":{"start":{"line":113,"column":0},"end":{"line":113,"column":27}},"113":{"start":{"line":114,"column":0},"end":{"line":114,"column":31}},"114":{"start":{"line":115,"column":0},"end":{"line":115,"column":33}},"115":{"start":{"line":116,"column":0},"end":{"line":116,"column":39}},"116":{"start":{"line":117,"column":0},"end":{"line":117,"column":45}},"117":{"start":{"line":118,"column":0},"end":{"line":118,"column":37}},"118":{"start":{"line":119,"column":0},"end":{"line":119,"column":51}},"119":{"start":{"line":120,"column":0},"end":{"line":120,"column":41}},"120":{"start":{"line":121,"column":0},"end":{"line":121,"column":63}},"121":{"start":{"line":122,"column":0},"end":{"line":122,"column":40}},"122":{"start":{"line":123,"column":0},"end":{"line":123,"column":44}},"123":{"start":{"line":124,"column":0},"end":{"line":124,"column":64}},"124":{"start":{"line":125,"column":0},"end":{"line":125,"column":42}},"125":{"start":{"line":126,"column":0},"end":{"line":126,"column":41}},"126":{"start":{"line":127,"column":0},"end":{"line":127,"column":69}},"127":{"start":{"line":128,"column":0},"end":{"line":128,"column":42}},"128":{"start":{"line":129,"column":0},"end":{"line":129,"column":32}},"129":{"start":{"line":130,"column":0},"end":{"line":130,"column":42}},"130":{"start":{"line":131,"column":0},"end":{"line":131,"column":38}},"131":{"start":{"line":132,"column":0},"end":{"line":132,"column":44}},"132":{"start":{"line":133,"column":0},"end":{"line":133,"column":31}},"133":{"start":{"line":134,"column":0},"end":{"line":134,"column":44}},"134":{"start":{"line":135,"column":0},"end":{"line":135,"column":33}},"135":{"start":{"line":136,"column":0},"end":{"line":136,"column":31}},"136":{"start":{"line":137,"column":0},"end":{"line":137,"column":64}},"137":{"start":{"line":138,"column":0},"end":{"line":138,"column":28}},"138":{"start":{"line":139,"column":0},"end":{"line":139,"column":31}},"139":{"start":{"line":140,"column":0},"end":{"line":140,"column":28}},"140":{"start":{"line":141,"column":0},"end":{"line":141,"column":37}},"141":{"start":{"line":142,"column":0},"end":{"line":142,"column":37}},"142":{"start":{"line":143,"column":0},"end":{"line":143,"column":38}},"143":{"start":{"line":144,"column":0},"end":{"line":144,"column":35}},"144":{"start":{"line":145,"column":0},"end":{"line":145,"column":33}},"145":{"start":{"line":146,"column":0},"end":{"line":146,"column":44}},"146":{"start":{"line":147,"column":0},"end":{"line":147,"column":33}},"147":{"start":{"line":148,"column":0},"end":{"line":148,"column":34}},"148":{"start":{"line":149,"column":0},"end":{"line":149,"column":45}},"149":{"start":{"line":150,"column":0},"end":{"line":150,"column":51}},"150":{"start":{"line":151,"column":0},"end":{"line":151,"column":43}},"151":{"start":{"line":152,"column":0},"end":{"line":152,"column":33}},"152":{"start":{"line":153,"column":0},"end":{"line":153,"column":31}},"153":{"start":{"line":154,"column":0},"end":{"line":154,"column":29}},"154":{"start":{"line":155,"column":0},"end":{"line":155,"column":53}},"155":{"start":{"line":156,"column":0},"end":{"line":156,"column":26}},"156":{"start":{"line":157,"column":0},"end":{"line":157,"column":29}},"157":{"start":{"line":158,"column":0},"end":{"line":158,"column":37}},"158":{"start":{"line":159,"column":0},"end":{"line":159,"column":33}},"159":{"start":{"line":160,"column":0},"end":{"line":160,"column":31}},"160":{"start":{"line":161,"column":0},"end":{"line":161,"column":38}},"161":{"start":{"line":162,"column":0},"end":{"line":162,"column":41}},"162":{"start":{"line":163,"column":0},"end":{"line":163,"column":40}},"163":{"start":{"line":164,"column":0},"end":{"line":164,"column":38}},"164":{"start":{"line":165,"column":0},"end":{"line":165,"column":29}},"165":{"start":{"line":166,"column":0},"end":{"line":166,"column":38}},"166":{"start":{"line":167,"column":0},"end":{"line":167,"column":40}},"167":{"start":{"line":168,"column":0},"end":{"line":168,"column":41}},"168":{"start":{"line":169,"column":0},"end":{"line":169,"column":45}},"169":{"start":{"line":170,"column":0},"end":{"line":170,"column":28}},"170":{"start":{"line":171,"column":0},"end":{"line":171,"column":31}},"171":{"start":{"line":172,"column":0},"end":{"line":172,"column":29}},"172":{"start":{"line":173,"column":0},"end":{"line":173,"column":30}},"173":{"start":{"line":174,"column":0},"end":{"line":174,"column":33}},"174":{"start":{"line":175,"column":0},"end":{"line":175,"column":37}},"175":{"start":{"line":176,"column":0},"end":{"line":176,"column":31}},"176":{"start":{"line":177,"column":0},"end":{"line":177,"column":46}},"177":{"start":{"line":178,"column":0},"end":{"line":178,"column":46}},"178":{"start":{"line":179,"column":0},"end":{"line":179,"column":39}},"179":{"start":{"line":180,"column":0},"end":{"line":180,"column":27}},"180":{"start":{"line":181,"column":0},"end":{"line":181,"column":35}},"181":{"start":{"line":182,"column":0},"end":{"line":182,"column":46}},"182":{"start":{"line":183,"column":0},"end":{"line":183,"column":42}},"183":{"start":{"line":184,"column":0},"end":{"line":184,"column":45}},"184":{"start":{"line":185,"column":0},"end":{"line":185,"column":28}},"185":{"start":{"line":186,"column":0},"end":{"line":186,"column":31}},"186":{"start":{"line":187,"column":0},"end":{"line":187,"column":31}},"187":{"start":{"line":188,"column":0},"end":{"line":188,"column":47}},"188":{"start":{"line":189,"column":0},"end":{"line":189,"column":47}},"189":{"start":{"line":190,"column":0},"end":{"line":190,"column":31}},"190":{"start":{"line":191,"column":0},"end":{"line":191,"column":39}},"191":{"start":{"line":192,"column":0},"end":{"line":192,"column":53}},"192":{"start":{"line":193,"column":0},"end":{"line":193,"column":38}},"193":{"start":{"line":194,"column":0},"end":{"line":194,"column":40}},"194":{"start":{"line":195,"column":0},"end":{"line":195,"column":36}},"195":{"start":{"line":196,"column":0},"end":{"line":196,"column":29}},"196":{"start":{"line":197,"column":0},"end":{"line":197,"column":38}},"197":{"start":{"line":198,"column":0},"end":{"line":198,"column":36}},"198":{"start":{"line":199,"column":0},"end":{"line":199,"column":31}},"199":{"start":{"line":200,"column":0},"end":{"line":200,"column":30}},"200":{"start":{"line":201,"column":0},"end":{"line":201,"column":29}},"201":{"start":{"line":202,"column":0},"end":{"line":202,"column":34}},"202":{"start":{"line":203,"column":0},"end":{"line":203,"column":31}},"203":{"start":{"line":204,"column":0},"end":{"line":204,"column":46}},"204":{"start":{"line":205,"column":0},"end":{"line":205,"column":49}},"205":{"start":{"line":206,"column":0},"end":{"line":206,"column":43}},"206":{"start":{"line":207,"column":0},"end":{"line":207,"column":61}},"207":{"start":{"line":208,"column":0},"end":{"line":208,"column":44}},"208":{"start":{"line":209,"column":0},"end":{"line":209,"column":34}},"209":{"start":{"line":210,"column":0},"end":{"line":210,"column":46}},"210":{"start":{"line":211,"column":0},"end":{"line":211,"column":44}},"211":{"start":{"line":212,"column":0},"end":{"line":212,"column":63}},"212":{"start":{"line":213,"column":0},"end":{"line":213,"column":45}},"213":{"start":{"line":214,"column":0},"end":{"line":214,"column":43}},"214":{"start":{"line":215,"column":0},"end":{"line":215,"column":36}},"215":{"start":{"line":216,"column":0},"end":{"line":216,"column":47}},"216":{"start":{"line":217,"column":0},"end":{"line":217,"column":33}},"217":{"start":{"line":218,"column":0},"end":{"line":218,"column":39}},"218":{"start":{"line":219,"column":0},"end":{"line":219,"column":32}},"219":{"start":{"line":220,"column":0},"end":{"line":220,"column":36}},"220":{"start":{"line":221,"column":0},"end":{"line":221,"column":34}},"221":{"start":{"line":222,"column":0},"end":{"line":222,"column":34}},"222":{"start":{"line":223,"column":0},"end":{"line":223,"column":27}},"223":{"start":{"line":224,"column":0},"end":{"line":224,"column":26}},"224":{"start":{"line":225,"column":0},"end":{"line":225,"column":25}},"225":{"start":{"line":226,"column":0},"end":{"line":226,"column":35}},"226":{"start":{"line":227,"column":0},"end":{"line":227,"column":32}},"227":{"start":{"line":228,"column":0},"end":{"line":228,"column":4}},"228":{"start":{"line":229,"column":0},"end":{"line":229,"column":12}},"229":{"start":{"line":230,"column":0},"end":{"line":230,"column":43}},"230":{"start":{"line":231,"column":0},"end":{"line":231,"column":41}},"231":{"start":{"line":232,"column":0},"end":{"line":232,"column":31}},"232":{"start":{"line":233,"column":0},"end":{"line":233,"column":47}},"233":{"start":{"line":234,"column":0},"end":{"line":234,"column":33}},"234":{"start":{"line":235,"column":0},"end":{"line":235,"column":48}},"235":{"start":{"line":236,"column":0},"end":{"line":236,"column":33}},"236":{"start":{"line":237,"column":0},"end":{"line":237,"column":49}},"237":{"start":{"line":238,"column":0},"end":{"line":238,"column":35}},"238":{"start":{"line":239,"column":0},"end":{"line":239,"column":46}},"239":{"start":{"line":240,"column":0},"end":{"line":240,"column":31}},"240":{"start":{"line":241,"column":0},"end":{"line":241,"column":46}},"241":{"start":{"line":242,"column":0},"end":{"line":242,"column":48}},"242":{"start":{"line":243,"column":0},"end":{"line":243,"column":39}},"243":{"start":{"line":244,"column":0},"end":{"line":244,"column":43}},"244":{"start":{"line":245,"column":0},"end":{"line":245,"column":35}},"245":{"start":{"line":246,"column":0},"end":{"line":246,"column":33}},"246":{"start":{"line":247,"column":0},"end":{"line":247,"column":43}},"247":{"start":{"line":248,"column":0},"end":{"line":248,"column":35}},"248":{"start":{"line":249,"column":0},"end":{"line":249,"column":49}},"249":{"start":{"line":250,"column":0},"end":{"line":250,"column":35}},"250":{"start":{"line":251,"column":0},"end":{"line":251,"column":32}},"251":{"start":{"line":252,"column":0},"end":{"line":252,"column":26}},"252":{"start":{"line":253,"column":0},"end":{"line":253,"column":41}},"253":{"start":{"line":254,"column":0},"end":{"line":254,"column":80}},"254":{"start":{"line":255,"column":0},"end":{"line":255,"column":45}},"255":{"start":{"line":256,"column":0},"end":{"line":256,"column":57}},"256":{"start":{"line":257,"column":0},"end":{"line":257,"column":36}},"257":{"start":{"line":258,"column":0},"end":{"line":258,"column":57}},"258":{"start":{"line":259,"column":0},"end":{"line":259,"column":38}},"259":{"start":{"line":260,"column":0},"end":{"line":260,"column":58}},"260":{"start":{"line":261,"column":0},"end":{"line":261,"column":86}},"261":{"start":{"line":262,"column":0},"end":{"line":262,"column":39}},"262":{"start":{"line":263,"column":0},"end":{"line":263,"column":29}},"263":{"start":{"line":264,"column":0},"end":{"line":264,"column":46}},"264":{"start":{"line":265,"column":0},"end":{"line":265,"column":42}},"265":{"start":{"line":266,"column":0},"end":{"line":266,"column":27}},"266":{"start":{"line":267,"column":0},"end":{"line":267,"column":60}},"267":{"start":{"line":268,"column":0},"end":{"line":268,"column":55}},"268":{"start":{"line":269,"column":0},"end":{"line":269,"column":72}},"269":{"start":{"line":270,"column":0},"end":{"line":270,"column":6}},"270":{"start":{"line":271,"column":0},"end":{"line":271,"column":35}},"271":{"start":{"line":272,"column":0},"end":{"line":272,"column":41}},"272":{"start":{"line":273,"column":0},"end":{"line":273,"column":29}},"273":{"start":{"line":274,"column":0},"end":{"line":274,"column":118}},"274":{"start":{"line":275,"column":0},"end":{"line":275,"column":40}},"275":{"start":{"line":276,"column":0},"end":{"line":276,"column":41}},"276":{"start":{"line":277,"column":0},"end":{"line":277,"column":42}},"277":{"start":{"line":278,"column":0},"end":{"line":278,"column":36}},"278":{"start":{"line":279,"column":0},"end":{"line":279,"column":40}},"279":{"start":{"line":280,"column":0},"end":{"line":280,"column":39}},"280":{"start":{"line":281,"column":0},"end":{"line":281,"column":38}},"281":{"start":{"line":282,"column":0},"end":{"line":282,"column":30}},"282":{"start":{"line":283,"column":0},"end":{"line":283,"column":104}},"283":{"start":{"line":284,"column":0},"end":{"line":284,"column":48}},"284":{"start":{"line":285,"column":0},"end":{"line":285,"column":36}},"285":{"start":{"line":286,"column":0},"end":{"line":286,"column":34}},"286":{"start":{"line":287,"column":0},"end":{"line":287,"column":40}},"287":{"start":{"line":288,"column":0},"end":{"line":288,"column":42}},"288":{"start":{"line":289,"column":0},"end":{"line":289,"column":32}},"289":{"start":{"line":290,"column":0},"end":{"line":290,"column":36}},"290":{"start":{"line":291,"column":0},"end":{"line":291,"column":56}},"291":{"start":{"line":292,"column":0},"end":{"line":292,"column":38}},"292":{"start":{"line":293,"column":0},"end":{"line":293,"column":85}},"293":{"start":{"line":294,"column":0},"end":{"line":294,"column":99}},"294":{"start":{"line":295,"column":0},"end":{"line":295,"column":41}},"295":{"start":{"line":296,"column":0},"end":{"line":296,"column":36}},"296":{"start":{"line":297,"column":0},"end":{"line":297,"column":38}},"297":{"start":{"line":298,"column":0},"end":{"line":298,"column":40}},"298":{"start":{"line":299,"column":0},"end":{"line":299,"column":36}},"299":{"start":{"line":300,"column":0},"end":{"line":300,"column":49}},"300":{"start":{"line":301,"column":0},"end":{"line":301,"column":51}},"301":{"start":{"line":302,"column":0},"end":{"line":302,"column":37}},"302":{"start":{"line":303,"column":0},"end":{"line":303,"column":34}},"303":{"start":{"line":304,"column":0},"end":{"line":304,"column":30}},"304":{"start":{"line":305,"column":0},"end":{"line":305,"column":101}},"305":{"start":{"line":306,"column":0},"end":{"line":306,"column":41}},"306":{"start":{"line":307,"column":0},"end":{"line":307,"column":35}},"307":{"start":{"line":308,"column":0},"end":{"line":308,"column":35}},"308":{"start":{"line":309,"column":0},"end":{"line":309,"column":32}},"309":{"start":{"line":310,"column":0},"end":{"line":310,"column":42}},"310":{"start":{"line":311,"column":0},"end":{"line":311,"column":37}},"311":{"start":{"line":312,"column":0},"end":{"line":312,"column":39}},"312":{"start":{"line":313,"column":0},"end":{"line":313,"column":56}},"313":{"start":{"line":314,"column":0},"end":{"line":314,"column":41}},"314":{"start":{"line":315,"column":0},"end":{"line":315,"column":50}},"315":{"start":{"line":316,"column":0},"end":{"line":316,"column":56}},"316":{"start":{"line":317,"column":0},"end":{"line":317,"column":45}},"317":{"start":{"line":318,"column":0},"end":{"line":318,"column":48}},"318":{"start":{"line":319,"column":0},"end":{"line":319,"column":40}},"319":{"start":{"line":320,"column":0},"end":{"line":320,"column":34}},"320":{"start":{"line":321,"column":0},"end":{"line":321,"column":89}},"321":{"start":{"line":322,"column":0},"end":{"line":322,"column":32}},"322":{"start":{"line":323,"column":0},"end":{"line":323,"column":47}},"323":{"start":{"line":324,"column":0},"end":{"line":324,"column":47}},"324":{"start":{"line":325,"column":0},"end":{"line":325,"column":45}},"325":{"start":{"line":326,"column":0},"end":{"line":326,"column":48}},"326":{"start":{"line":327,"column":0},"end":{"line":327,"column":37}},"327":{"start":{"line":328,"column":0},"end":{"line":328,"column":28}},"328":{"start":{"line":329,"column":0},"end":{"line":329,"column":39}},"329":{"start":{"line":330,"column":0},"end":{"line":330,"column":32}},"330":{"start":{"line":331,"column":0},"end":{"line":331,"column":39}},"331":{"start":{"line":332,"column":0},"end":{"line":332,"column":32}},"332":{"start":{"line":333,"column":0},"end":{"line":333,"column":35}},"333":{"start":{"line":334,"column":0},"end":{"line":334,"column":49}},"334":{"start":{"line":335,"column":0},"end":{"line":335,"column":44}},"335":{"start":{"line":336,"column":0},"end":{"line":336,"column":55}},"336":{"start":{"line":337,"column":0},"end":{"line":337,"column":52}},"337":{"start":{"line":338,"column":0},"end":{"line":338,"column":78}},"338":{"start":{"line":339,"column":0},"end":{"line":339,"column":55}},"339":{"start":{"line":340,"column":0},"end":{"line":340,"column":33}},"340":{"start":{"line":341,"column":0},"end":{"line":341,"column":76}},"341":{"start":{"line":342,"column":0},"end":{"line":342,"column":48}},"342":{"start":{"line":343,"column":0},"end":{"line":343,"column":64}},"343":{"start":{"line":344,"column":0},"end":{"line":344,"column":35}},"344":{"start":{"line":345,"column":0},"end":{"line":345,"column":73}},"345":{"start":{"line":346,"column":0},"end":{"line":346,"column":52}},"346":{"start":{"line":347,"column":0},"end":{"line":347,"column":51}},"347":{"start":{"line":348,"column":0},"end":{"line":348,"column":93}},"348":{"start":{"line":349,"column":0},"end":{"line":349,"column":52}},"349":{"start":{"line":350,"column":0},"end":{"line":350,"column":47}},"350":{"start":{"line":351,"column":0},"end":{"line":351,"column":50}},"351":{"start":{"line":352,"column":0},"end":{"line":352,"column":69}},"352":{"start":{"line":353,"column":0},"end":{"line":353,"column":54}},"353":{"start":{"line":354,"column":0},"end":{"line":354,"column":41}},"354":{"start":{"line":355,"column":0},"end":{"line":355,"column":54}},"355":{"start":{"line":356,"column":0},"end":{"line":356,"column":39}},"356":{"start":{"line":357,"column":0},"end":{"line":357,"column":36}},"357":{"start":{"line":358,"column":0},"end":{"line":358,"column":31}},"358":{"start":{"line":359,"column":0},"end":{"line":359,"column":103}},"359":{"start":{"line":360,"column":0},"end":{"line":360,"column":33}},"360":{"start":{"line":361,"column":0},"end":{"line":361,"column":37}},"361":{"start":{"line":362,"column":0},"end":{"line":362,"column":31}},"362":{"start":{"line":363,"column":0},"end":{"line":363,"column":46}},"363":{"start":{"line":364,"column":0},"end":{"line":364,"column":48}},"364":{"start":{"line":365,"column":0},"end":{"line":365,"column":43}},"365":{"start":{"line":366,"column":0},"end":{"line":366,"column":40}},"366":{"start":{"line":367,"column":0},"end":{"line":367,"column":40}},"367":{"start":{"line":368,"column":0},"end":{"line":368,"column":51}},"368":{"start":{"line":369,"column":0},"end":{"line":369,"column":38}},"369":{"start":{"line":370,"column":0},"end":{"line":370,"column":41}},"370":{"start":{"line":371,"column":0},"end":{"line":371,"column":68}},"371":{"start":{"line":372,"column":0},"end":{"line":372,"column":73}},"372":{"start":{"line":373,"column":0},"end":{"line":373,"column":51}},"373":{"start":{"line":374,"column":0},"end":{"line":374,"column":47}},"374":{"start":{"line":375,"column":0},"end":{"line":375,"column":39}},"375":{"start":{"line":376,"column":0},"end":{"line":376,"column":32}},"376":{"start":{"line":377,"column":0},"end":{"line":377,"column":95}},"377":{"start":{"line":378,"column":0},"end":{"line":378,"column":31}},"378":{"start":{"line":379,"column":0},"end":{"line":379,"column":29}},"379":{"start":{"line":380,"column":0},"end":{"line":380,"column":49}},"380":{"start":{"line":381,"column":0},"end":{"line":381,"column":42}},"381":{"start":{"line":382,"column":0},"end":{"line":382,"column":38}},"382":{"start":{"line":383,"column":0},"end":{"line":383,"column":40}},"383":{"start":{"line":384,"column":0},"end":{"line":384,"column":71}},"384":{"start":{"line":385,"column":0},"end":{"line":385,"column":56}},"385":{"start":{"line":386,"column":0},"end":{"line":386,"column":64}},"386":{"start":{"line":387,"column":0},"end":{"line":387,"column":38}},"387":{"start":{"line":388,"column":0},"end":{"line":388,"column":66}},"388":{"start":{"line":389,"column":0},"end":{"line":389,"column":47}},"389":{"start":{"line":390,"column":0},"end":{"line":390,"column":48}},"390":{"start":{"line":391,"column":0},"end":{"line":391,"column":52}},"391":{"start":{"line":392,"column":0},"end":{"line":392,"column":30}},"392":{"start":{"line":393,"column":0},"end":{"line":393,"column":39}},"393":{"start":{"line":394,"column":0},"end":{"line":394,"column":32}},"394":{"start":{"line":395,"column":0},"end":{"line":395,"column":32}},"395":{"start":{"line":396,"column":0},"end":{"line":396,"column":39}},"396":{"start":{"line":397,"column":0},"end":{"line":397,"column":45}},"397":{"start":{"line":398,"column":0},"end":{"line":398,"column":40}},"398":{"start":{"line":399,"column":0},"end":{"line":399,"column":45}},"399":{"start":{"line":400,"column":0},"end":{"line":400,"column":50}},"400":{"start":{"line":401,"column":0},"end":{"line":401,"column":43}},"401":{"start":{"line":402,"column":0},"end":{"line":402,"column":30}},"402":{"start":{"line":403,"column":0},"end":{"line":403,"column":45}},"403":{"start":{"line":404,"column":0},"end":{"line":404,"column":90}},"404":{"start":{"line":405,"column":0},"end":{"line":405,"column":50}},"405":{"start":{"line":406,"column":0},"end":{"line":406,"column":52}},"406":{"start":{"line":407,"column":0},"end":{"line":407,"column":30}},"407":{"start":{"line":408,"column":0},"end":{"line":408,"column":39}},"408":{"start":{"line":409,"column":0},"end":{"line":409,"column":36}},"409":{"start":{"line":410,"column":0},"end":{"line":410,"column":56}},"410":{"start":{"line":411,"column":0},"end":{"line":411,"column":51}},"411":{"start":{"line":412,"column":0},"end":{"line":412,"column":36}},"412":{"start":{"line":413,"column":0},"end":{"line":413,"column":49}},"413":{"start":{"line":414,"column":0},"end":{"line":414,"column":71}},"414":{"start":{"line":415,"column":0},"end":{"line":415,"column":45}},"415":{"start":{"line":416,"column":0},"end":{"line":416,"column":51}},"416":{"start":{"line":417,"column":0},"end":{"line":417,"column":41}},"417":{"start":{"line":418,"column":0},"end":{"line":418,"column":32}},"418":{"start":{"line":419,"column":0},"end":{"line":419,"column":45}},"419":{"start":{"line":420,"column":0},"end":{"line":420,"column":43}},"420":{"start":{"line":421,"column":0},"end":{"line":421,"column":36}},"421":{"start":{"line":422,"column":0},"end":{"line":422,"column":34}},"422":{"start":{"line":423,"column":0},"end":{"line":423,"column":32}},"423":{"start":{"line":424,"column":0},"end":{"line":424,"column":38}},"424":{"start":{"line":425,"column":0},"end":{"line":425,"column":36}},"425":{"start":{"line":426,"column":0},"end":{"line":426,"column":65}},"426":{"start":{"line":427,"column":0},"end":{"line":427,"column":60}},"427":{"start":{"line":428,"column":0},"end":{"line":428,"column":49}},"428":{"start":{"line":429,"column":0},"end":{"line":429,"column":95}},"429":{"start":{"line":430,"column":0},"end":{"line":430,"column":50}},"430":{"start":{"line":431,"column":0},"end":{"line":431,"column":41}},"431":{"start":{"line":432,"column":0},"end":{"line":432,"column":54}},"432":{"start":{"line":433,"column":0},"end":{"line":433,"column":51}},"433":{"start":{"line":434,"column":0},"end":{"line":434,"column":38}},"434":{"start":{"line":435,"column":0},"end":{"line":435,"column":70}},"435":{"start":{"line":436,"column":0},"end":{"line":436,"column":52}},"436":{"start":{"line":437,"column":0},"end":{"line":437,"column":51}},"437":{"start":{"line":438,"column":0},"end":{"line":438,"column":45}},"438":{"start":{"line":439,"column":0},"end":{"line":439,"column":56}},"439":{"start":{"line":440,"column":0},"end":{"line":440,"column":50}},"440":{"start":{"line":441,"column":0},"end":{"line":441,"column":60}},"441":{"start":{"line":442,"column":0},"end":{"line":442,"column":35}},"442":{"start":{"line":443,"column":0},"end":{"line":443,"column":45}},"443":{"start":{"line":444,"column":0},"end":{"line":444,"column":41}},"444":{"start":{"line":445,"column":0},"end":{"line":445,"column":42}},"445":{"start":{"line":446,"column":0},"end":{"line":446,"column":32}},"446":{"start":{"line":447,"column":0},"end":{"line":447,"column":30}},"447":{"start":{"line":448,"column":0},"end":{"line":448,"column":28}},"448":{"start":{"line":449,"column":0},"end":{"line":449,"column":42}},"449":{"start":{"line":450,"column":0},"end":{"line":450,"column":37}},"450":{"start":{"line":451,"column":0},"end":{"line":451,"column":4}},"451":{"start":{"line":452,"column":0},"end":{"line":452,"column":2}},"453":{"start":{"line":454,"column":0},"end":{"line":454,"column":58}},"454":{"start":{"line":455,"column":0},"end":{"line":455,"column":48}},"455":{"start":{"line":456,"column":0},"end":{"line":456,"column":1}},"457":{"start":{"line":458,"column":0},"end":{"line":458,"column":42}},"458":{"start":{"line":459,"column":0},"end":{"line":459,"column":59}},"460":{"start":{"line":461,"column":0},"end":{"line":461,"column":7}},"461":{"start":{"line":462,"column":0},"end":{"line":462,"column":59}},"462":{"start":{"line":463,"column":0},"end":{"line":463,"column":54}},"463":{"start":{"line":464,"column":0},"end":{"line":464,"column":11}},"464":{"start":{"line":465,"column":0},"end":{"line":465,"column":26}},"465":{"start":{"line":466,"column":0},"end":{"line":466,"column":3}},"466":{"start":{"line":467,"column":0},"end":{"line":467,"column":1}},"468":{"start":{"line":469,"column":0},"end":{"line":469,"column":29}},"469":{"start":{"line":470,"column":0},"end":{"line":470,"column":59}},"470":{"start":{"line":471,"column":0},"end":{"line":471,"column":1}},"472":{"start":{"line":473,"column":0},"end":{"line":473,"column":80}},"473":{"start":{"line":474,"column":0},"end":{"line":474,"column":64}},"474":{"start":{"line":475,"column":0},"end":{"line":475,"column":1}},"476":{"start":{"line":477,"column":0},"end":{"line":477,"column":76}},"477":{"start":{"line":478,"column":0},"end":{"line":478,"column":63}},"478":{"start":{"line":479,"column":0},"end":{"line":479,"column":32}},"479":{"start":{"line":480,"column":0},"end":{"line":480,"column":70}},"480":{"start":{"line":481,"column":0},"end":{"line":481,"column":5}},"481":{"start":{"line":482,"column":0},"end":{"line":482,"column":1}},"483":{"start":{"line":484,"column":0},"end":{"line":484,"column":38}},"484":{"start":{"line":485,"column":0},"end":{"line":485,"column":33}},"485":{"start":{"line":486,"column":0},"end":{"line":486,"column":1}},"487":{"start":{"line":488,"column":0},"end":{"line":488,"column":51}},"488":{"start":{"line":489,"column":0},"end":{"line":489,"column":38}},"489":{"start":{"line":490,"column":0},"end":{"line":490,"column":9}},"490":{"start":{"line":491,"column":0},"end":{"line":491,"column":54}},"491":{"start":{"line":492,"column":0},"end":{"line":492,"column":13}},"493":{"start":{"line":494,"column":0},"end":{"line":494,"column":5}},"494":{"start":{"line":495,"column":0},"end":{"line":495,"column":3}},"495":{"start":{"line":496,"column":0},"end":{"line":496,"column":21}},"496":{"start":{"line":497,"column":0},"end":{"line":497,"column":1}},"498":{"start":{"line":499,"column":0},"end":{"line":499,"column":67}},"499":{"start":{"line":500,"column":0},"end":{"line":500,"column":26}},"500":{"start":{"line":501,"column":0},"end":{"line":501,"column":42}},"501":{"start":{"line":502,"column":0},"end":{"line":502,"column":1}},"503":{"start":{"line":504,"column":0},"end":{"line":504,"column":92}},"504":{"start":{"line":505,"column":0},"end":{"line":505,"column":44}},"505":{"start":{"line":506,"column":0},"end":{"line":506,"column":25}},"506":{"start":{"line":507,"column":0},"end":{"line":507,"column":56}},"507":{"start":{"line":508,"column":0},"end":{"line":508,"column":52}},"508":{"start":{"line":509,"column":0},"end":{"line":509,"column":36}},"509":{"start":{"line":510,"column":0},"end":{"line":510,"column":1}},"511":{"start":{"line":512,"column":0},"end":{"line":512,"column":70}},"512":{"start":{"line":513,"column":0},"end":{"line":513,"column":44}},"513":{"start":{"line":514,"column":0},"end":{"line":514,"column":43}},"514":{"start":{"line":515,"column":0},"end":{"line":515,"column":1}},"516":{"start":{"line":517,"column":0},"end":{"line":517,"column":58}},"517":{"start":{"line":518,"column":0},"end":{"line":518,"column":46}},"518":{"start":{"line":519,"column":0},"end":{"line":519,"column":41}},"519":{"start":{"line":520,"column":0},"end":{"line":520,"column":55}},"520":{"start":{"line":521,"column":0},"end":{"line":521,"column":1}},"522":{"start":{"line":523,"column":0},"end":{"line":523,"column":27}},"523":{"start":{"line":524,"column":0},"end":{"line":524,"column":89}},"525":{"start":{"line":526,"column":0},"end":{"line":526,"column":17}},"526":{"start":{"line":527,"column":0},"end":{"line":527,"column":12}},"527":{"start":{"line":528,"column":0},"end":{"line":528,"column":13}},"528":{"start":{"line":529,"column":0},"end":{"line":529,"column":29}},"529":{"start":{"line":530,"column":0},"end":{"line":530,"column":81}},"530":{"start":{"line":531,"column":0},"end":{"line":531,"column":56}},"531":{"start":{"line":532,"column":0},"end":{"line":532,"column":7}},"532":{"start":{"line":533,"column":0},"end":{"line":533,"column":12}},"533":{"start":{"line":534,"column":0},"end":{"line":534,"column":4}},"534":{"start":{"line":535,"column":0},"end":{"line":535,"column":1}},"536":{"start":{"line":537,"column":0},"end":{"line":537,"column":37}},"537":{"start":{"line":538,"column":0},"end":{"line":538,"column":89}},"539":{"start":{"line":540,"column":0},"end":{"line":540,"column":19}},"540":{"start":{"line":541,"column":0},"end":{"line":541,"column":31}},"541":{"start":{"line":542,"column":0},"end":{"line":542,"column":15}},"542":{"start":{"line":543,"column":0},"end":{"line":543,"column":1}}},"s":{"0":1,"7":1,"8":1,"9":1,"11":1,"12":1,"13":1,"14":1,"15":1,"16":1,"17":1,"18":1,"19":1,"20":1,"21":1,"22":1,"23":1,"24":1,"25":1,"26":1,"27":1,"28":1,"29":1,"30":1,"31":1,"32":1,"33":1,"34":1,"35":1,"36":1,"37":1,"38":1,"39":1,"40":1,"41":1,"42":1,"43":1,"44":1,"45":1,"46":1,"47":1,"48":1,"49":1,"50":1,"51":1,"52":1,"53":1,"54":1,"55":1,"56":1,"57":1,"58":1,"59":1,"60":1,"61":1,"62":1,"63":1,"64":1,"65":1,"66":1,"67":1,"68":1,"69":1,"70":1,"71":1,"72":1,"73":1,"74":1,"75":1,"76":1,"77":1,"78":1,"79":1,"80":1,"81":1,"82":1,"83":1,"84":1,"85":1,"86":1,"87":1,"88":1,"89":1,"90":1,"91":1,"92":1,"93":1,"94":1,"95":1,"96":1,"97":1,"98":1,"99":1,"100":1,"101":1,"102":1,"103":1,"104":1,"105":1,"106":1,"107":1,"108":1,"109":1,"110":1,"111":1,"112":1,"113":1,"114":1,"115":1,"116":1,"117":1,"118":1,"119":1,"120":1,"121":1,"122":1,"123":1,"124":1,"125":1,"126":1,"127":1,"128":1,"129":1,"130":1,"131":1,"132":1,"133":1,"134":1,"135":1,"136":1,"137":1,"138":1,"139":1,"140":1,"141":1,"142":1,"143":1,"144":1,"145":1,"146":1,"147":1,"148":1,"149":1,"150":1,"151":1,"152":1,"153":1,"154":1,"155":1,"156":1,"157":1,"158":1,"159":1,"160":1,"161":1,"162":1,"163":1,"164":1,"165":1,"166":1,"167":1,"168":1,"169":1,"170":1,"171":1,"172":1,"173":1,"174":1,"175":1,"176":1,"177":1,"178":1,"179":1,"180":1,"181":1,"182":1,"183":1,"184":1,"185":1,"186":1,"187":1,"188":1,"189":1,"190":1,"191":1,"192":1,"193":1,"194":1,"195":1,"196":1,"197":1,"198":1,"199":1,"200":1,"201":1,"202":1,"203":1,"204":1,"205":1,"206":1,"207":1,"208":1,"209":1,"210":1,"211":1,"212":1,"213":1,"214":1,"215":1,"216":1,"217":1,"218":1,"219":1,"220":1,"221":1,"222":1,"223":1,"224":1,"225":1,"226":1,"227":1,"228":1,"229":1,"230":1,"231":1,"232":1,"233":1,"234":1,"235":1,"236":1,"237":1,"238":1,"239":1,"240":1,"241":1,"242":1,"243":1,"244":1,"245":1,"246":1,"247":1,"248":1,"249":1,"250":1,"251":1,"252":1,"253":1,"254":1,"255":1,"256":1,"257":1,"258":1,"259":1,"260":1,"261":1,"262":1,"263":1,"264":1,"265":1,"266":1,"267":1,"268":1,"269":1,"270":1,"271":1,"272":1,"273":1,"274":1,"275":1,"276":1,"277":1,"278":1,"279":1,"280":1,"281":1,"282":1,"283":1,"284":1,"285":1,"286":1,"287":1,"288":1,"289":1,"290":1,"291":1,"292":1,"293":1,"294":1,"295":1,"296":1,"297":1,"298":1,"299":1,"300":1,"301":1,"302":1,"303":1,"304":1,"305":1,"306":1,"307":1,"308":1,"309":1,"310":1,"311":1,"312":1,"313":1,"314":1,"315":1,"316":1,"317":1,"318":1,"319":1,"320":1,"321":1,"322":1,"323":1,"324":1,"325":1,"326":1,"327":1,"328":1,"329":1,"330":1,"331":1,"332":1,"333":1,"334":1,"335":1,"336":1,"337":1,"338":1,"339":1,"340":1,"341":1,"342":1,"343":1,"344":1,"345":1,"346":1,"347":1,"348":1,"349":1,"350":1,"351":1,"352":1,"353":1,"354":1,"355":1,"356":1,"357":1,"358":1,"359":1,"360":1,"361":1,"362":1,"363":1,"364":1,"365":1,"366":1,"367":1,"368":1,"369":1,"370":1,"371":1,"372":1,"373":1,"374":1,"375":1,"376":1,"377":1,"378":1,"379":1,"380":1,"381":1,"382":1,"383":1,"384":1,"385":1,"386":1,"387":1,"388":1,"389":1,"390":1,"391":1,"392":1,"393":1,"394":1,"395":1,"396":1,"397":1,"398":1,"399":1,"400":1,"401":1,"402":1,"403":1,"404":1,"405":1,"406":1,"407":1,"408":1,"409":1,"410":1,"411":1,"412":1,"413":1,"414":1,"415":1,"416":1,"417":1,"418":1,"419":1,"420":1,"421":1,"422":1,"423":1,"424":1,"425":1,"426":1,"427":1,"428":1,"429":1,"430":1,"431":1,"432":1,"433":1,"434":1,"435":1,"436":1,"437":1,"438":1,"439":1,"440":1,"441":1,"442":1,"443":1,"444":1,"445":1,"446":1,"447":1,"448":1,"449":1,"450":1,"451":1,"453":220,"454":220,"455":220,"457":220,"458":220,"460":220,"461":220,"462":220,"463":220,"464":0,"465":0,"466":220,"468":0,"469":0,"470":0,"472":473,"473":473,"474":473,"476":471,"477":471,"478":9,"479":9,"480":471,"481":471,"483":1,"484":220,"485":220,"487":1,"488":0,"489":0,"490":0,"491":0,"493":0,"494":0,"495":0,"496":0,"498":1,"499":24,"500":24,"501":24,"503":1,"504":473,"505":473,"506":473,"507":473,"508":471,"509":471,"511":1,"512":0,"513":0,"514":0,"516":1,"517":4,"518":4,"519":4,"520":4,"522":1,"523":92,"525":92,"526":92,"527":20,"528":20,"529":20,"530":20,"531":20,"532":92,"533":92,"534":92,"536":1,"537":4,"539":4,"540":4,"541":4,"542":4},"branchMap":{"0":{"type":"branch","line":454,"loc":{"start":{"line":454,"column":0},"end":{"line":456,"column":1}},"locations":[{"start":{"line":454,"column":0},"end":{"line":456,"column":1}}]},"1":{"type":"branch","line":458,"loc":{"start":{"line":458,"column":0},"end":{"line":467,"column":1}},"locations":[{"start":{"line":458,"column":0},"end":{"line":467,"column":1}}]},"2":{"type":"branch","line":459,"loc":{"start":{"line":459,"column":37},"end":{"line":459,"column":59}},"locations":[{"start":{"line":459,"column":37},"end":{"line":459,"column":59}}]},"3":{"type":"branch","line":463,"loc":{"start":{"line":463,"column":26},"end":{"line":463,"column":39}},"locations":[{"start":{"line":463,"column":26},"end":{"line":463,"column":39}}]},"4":{"type":"branch","line":464,"loc":{"start":{"line":464,"column":2},"end":{"line":466,"column":3}},"locations":[{"start":{"line":464,"column":2},"end":{"line":466,"column":3}}]},"5":{"type":"branch","line":473,"loc":{"start":{"line":473,"column":0},"end":{"line":475,"column":1}},"locations":[{"start":{"line":473,"column":0},"end":{"line":475,"column":1}}]},"6":{"type":"branch","line":474,"loc":{"start":{"line":474,"column":29},"end":{"line":474,"column":64}},"locations":[{"start":{"line":474,"column":29},"end":{"line":474,"column":64}}]},"7":{"type":"branch","line":477,"loc":{"start":{"line":477,"column":0},"end":{"line":482,"column":1}},"locations":[{"start":{"line":477,"column":0},"end":{"line":482,"column":1}}]},"8":{"type":"branch","line":478,"loc":{"start":{"line":478,"column":40},"end":{"line":481,"column":3}},"locations":[{"start":{"line":478,"column":40},"end":{"line":481,"column":3}}]},"9":{"type":"branch","line":480,"loc":{"start":{"line":480,"column":39},"end":{"line":480,"column":56}},"locations":[{"start":{"line":480,"column":39},"end":{"line":480,"column":56}}]},"10":{"type":"branch","line":484,"loc":{"start":{"line":484,"column":7},"end":{"line":486,"column":1}},"locations":[{"start":{"line":484,"column":7},"end":{"line":486,"column":1}}]},"11":{"type":"branch","line":499,"loc":{"start":{"line":499,"column":7},"end":{"line":502,"column":1}},"locations":[{"start":{"line":499,"column":7},"end":{"line":502,"column":1}}]},"12":{"type":"branch","line":501,"loc":{"start":{"line":501,"column":9},"end":{"line":501,"column":42}},"locations":[{"start":{"line":501,"column":9},"end":{"line":501,"column":42}}]},"13":{"type":"branch","line":504,"loc":{"start":{"line":504,"column":7},"end":{"line":510,"column":1}},"locations":[{"start":{"line":504,"column":7},"end":{"line":510,"column":1}}]},"14":{"type":"branch","line":506,"loc":{"start":{"line":506,"column":14},"end":{"line":506,"column":25}},"locations":[{"start":{"line":506,"column":14},"end":{"line":506,"column":25}}]},"15":{"type":"branch","line":506,"loc":{"start":{"line":506,"column":21},"end":{"line":507,"column":42}},"locations":[{"start":{"line":506,"column":21},"end":{"line":507,"column":42}}]},"16":{"type":"branch","line":507,"loc":{"start":{"line":507,"column":35},"end":{"line":507,"column":56}},"locations":[{"start":{"line":507,"column":35},"end":{"line":507,"column":56}}]},"17":{"type":"branch","line":507,"loc":{"start":{"line":507,"column":54},"end":{"line":508,"column":35}},"locations":[{"start":{"line":507,"column":54},"end":{"line":508,"column":35}}]},"18":{"type":"branch","line":508,"loc":{"start":{"line":508,"column":28},"end":{"line":508,"column":52}},"locations":[{"start":{"line":508,"column":28},"end":{"line":508,"column":52}}]},"19":{"type":"branch","line":508,"loc":{"start":{"line":508,"column":50},"end":{"line":510,"column":1}},"locations":[{"start":{"line":508,"column":50},"end":{"line":510,"column":1}}]},"20":{"type":"branch","line":517,"loc":{"start":{"line":517,"column":7},"end":{"line":521,"column":1}},"locations":[{"start":{"line":517,"column":7},"end":{"line":521,"column":1}}]},"21":{"type":"branch","line":518,"loc":{"start":{"line":518,"column":39},"end":{"line":518,"column":46}},"locations":[{"start":{"line":518,"column":39},"end":{"line":518,"column":46}}]},"22":{"type":"branch","line":523,"loc":{"start":{"line":523,"column":7},"end":{"line":535,"column":1}},"locations":[{"start":{"line":523,"column":7},"end":{"line":535,"column":1}}]},"23":{"type":"branch","line":527,"loc":{"start":{"line":527,"column":4},"end":{"line":532,"column":7}},"locations":[{"start":{"line":527,"column":4},"end":{"line":532,"column":7}}]},"24":{"type":"branch","line":530,"loc":{"start":{"line":530,"column":9},"end":{"line":530,"column":81}},"locations":[{"start":{"line":530,"column":9},"end":{"line":530,"column":81}}]},"25":{"type":"branch","line":537,"loc":{"start":{"line":537,"column":7},"end":{"line":543,"column":1}},"locations":[{"start":{"line":537,"column":7},"end":{"line":543,"column":1}}]},"26":{"type":"branch","line":540,"loc":{"start":{"line":540,"column":12},"end":{"line":542,"column":5}},"locations":[{"start":{"line":540,"column":12},"end":{"line":542,"column":5}}]}},"b":{"0":[220],"1":[220],"2":[0],"3":[0],"4":[0],"5":[473],"6":[2],"7":[471],"8":[9],"9":[0],"10":[220],"11":[24],"12":[24],"13":[473],"14":[2],"15":[471],"16":[0],"17":[471],"18":[0],"19":[471],"20":[4],"21":[0],"22":[92],"23":[20],"24":[469],"25":[4],"26":[4]},"fnMap":{"0":{"name":"isLocale","decl":{"start":{"line":454,"column":0},"end":{"line":456,"column":1}},"loc":{"start":{"line":454,"column":0},"end":{"line":456,"column":1}},"line":454},"1":{"name":"readLocaleFromStorage","decl":{"start":{"line":458,"column":0},"end":{"line":467,"column":1}},"loc":{"start":{"line":458,"column":0},"end":{"line":467,"column":1}},"line":458},"2":{"name":"emitLocaleChange","decl":{"start":{"line":469,"column":0},"end":{"line":471,"column":1}},"loc":{"start":{"line":469,"column":0},"end":{"line":471,"column":1}},"line":469},"3":{"name":"resolveMessage","decl":{"start":{"line":473,"column":0},"end":{"line":475,"column":1}},"loc":{"start":{"line":473,"column":0},"end":{"line":475,"column":1}},"line":473},"4":{"name":"interpolate","decl":{"start":{"line":477,"column":0},"end":{"line":482,"column":1}},"loc":{"start":{"line":477,"column":0},"end":{"line":482,"column":1}},"line":477},"5":{"name":"readLocale","decl":{"start":{"line":484,"column":7},"end":{"line":486,"column":1}},"loc":{"start":{"line":484,"column":7},"end":{"line":486,"column":1}},"line":484},"6":{"name":"writeLocale","decl":{"start":{"line":488,"column":7},"end":{"line":497,"column":1}},"loc":{"start":{"line":488,"column":7},"end":{"line":497,"column":1}},"line":488},"7":{"name":"subscribeLocale","decl":{"start":{"line":499,"column":7},"end":{"line":502,"column":1}},"loc":{"start":{"line":499,"column":7},"end":{"line":502,"column":1}},"line":499},"8":{"name":"translate","decl":{"start":{"line":504,"column":7},"end":{"line":510,"column":1}},"loc":{"start":{"line":504,"column":7},"end":{"line":510,"column":1}},"line":504},"9":{"name":"translateList","decl":{"start":{"line":512,"column":7},"end":{"line":515,"column":1}},"loc":{"start":{"line":512,"column":7},"end":{"line":515,"column":1}},"line":512},"10":{"name":"syncDocumentLocale","decl":{"start":{"line":517,"column":7},"end":{"line":521,"column":1}},"loc":{"start":{"line":517,"column":7},"end":{"line":521,"column":1}},"line":517},"11":{"name":"useI18n","decl":{"start":{"line":523,"column":7},"end":{"line":535,"column":1}},"loc":{"start":{"line":523,"column":7},"end":{"line":535,"column":1}},"line":523},"12":{"name":"t","decl":{"start":{"line":530,"column":9},"end":{"line":530,"column":81}},"loc":{"start":{"line":530,"column":9},"end":{"line":530,"column":81}},"line":530},"13":{"name":"list","decl":{"start":{"line":531,"column":12},"end":{"line":531,"column":56}},"loc":{"start":{"line":531,"column":12},"end":{"line":531,"column":56}},"line":531},"14":{"name":"useLocaleDocument","decl":{"start":{"line":537,"column":7},"end":{"line":543,"column":1}},"loc":{"start":{"line":537,"column":7},"end":{"line":543,"column":1}},"line":537}},"f":{"0":220,"1":220,"2":0,"3":473,"4":471,"5":220,"6":0,"7":24,"8":473,"9":0,"10":4,"11":92,"12":469,"13":0,"14":4}}
,"/Users/lvxiaoer/Documents/codeWork/easy-manim/ui/src/app/router.tsx": {"path":"/Users/lvxiaoer/Documents/codeWork/easy-manim/ui/src/app/router.tsx","all":true,"statementMap":{"0":{"start":{"line":1,"column":0},"end":{"line":1,"column":49}},"1":{"start":{"line":2,"column":0},"end":{"line":2,"column":28}},"3":{"start":{"line":4,"column":0},"end":{"line":4,"column":29}},"4":{"start":{"line":5,"column":0},"end":{"line":5,"column":10}},"5":{"start":{"line":6,"column":0},"end":{"line":6,"column":19}},"6":{"start":{"line":7,"column":0},"end":{"line":7,"column":13}},"7":{"start":{"line":8,"column":0},"end":{"line":8,"column":20}},"9":{"start":{"line":10,"column":0},"end":{"line":10,"column":1}}},"s":{"0":0,"1":0,"3":0,"4":0,"5":0,"6":0,"7":0,"9":0},"branchMap":{"0":{"type":"branch","line":1,"loc":{"start":{"line":1,"column":182},"end":{"line":10,"column":1}},"locations":[{"start":{"line":1,"column":182},"end":{"line":10,"column":1}}]}},"b":{"0":[0]},"fnMap":{"0":{"name":"(empty-report)","decl":{"start":{"line":1,"column":182},"end":{"line":10,"column":1}},"loc":{"start":{"line":1,"column":182},"end":{"line":10,"column":1}},"line":1}},"f":{"0":0}}
,"/Users/lvxiaoer/Documents/codeWork/easy-manim/ui/src/app/ui.tsx": {"path":"/Users/lvxiaoer/Documents/codeWork/easy-manim/ui/src/app/ui.tsx","all":false,"statementMap":{"0":{"start":{"line":1,"column":0},"end":{"line":1,"column":46}},"2":{"start":{"line":3,"column":0},"end":{"line":3,"column":49}},"3":{"start":{"line":4,"column":0},"end":{"line":4,"column":57}},"4":{"start":{"line":5,"column":0},"end":{"line":5,"column":1}},"6":{"start":{"line":7,"column":0},"end":{"line":7,"column":63}},"7":{"start":{"line":8,"column":0},"end":{"line":8,"column":12}},"8":{"start":{"line":9,"column":0},"end":{"line":9,"column":18}},"9":{"start":{"line":10,"column":0},"end":{"line":10,"column":19}},"10":{"start":{"line":11,"column":0},"end":{"line":11,"column":21}},"11":{"start":{"line":12,"column":0},"end":{"line":12,"column":21}},"12":{"start":{"line":13,"column":0},"end":{"line":13,"column":20}},"13":{"start":{"line":14,"column":0},"end":{"line":14,"column":21}},"14":{"start":{"line":15,"column":0},"end":{"line":15,"column":17}},"15":{"start":{"line":16,"column":0},"end":{"line":16,"column":19}},"16":{"start":{"line":17,"column":0},"end":{"line":17,"column":18}},"17":{"start":{"line":18,"column":0},"end":{"line":18,"column":21}},"18":{"start":{"line":19,"column":0},"end":{"line":19,"column":18}},"19":{"start":{"line":20,"column":0},"end":{"line":20,"column":19}},"20":{"start":{"line":21,"column":0},"end":{"line":21,"column":4}},"21":{"start":{"line":22,"column":0},"end":{"line":22,"column":12}},"22":{"start":{"line":23,"column":0},"end":{"line":23,"column":21}},"23":{"start":{"line":24,"column":0},"end":{"line":24,"column":23}},"24":{"start":{"line":25,"column":0},"end":{"line":25,"column":27}},"25":{"start":{"line":26,"column":0},"end":{"line":26,"column":27}},"26":{"start":{"line":27,"column":0},"end":{"line":27,"column":25}},"27":{"start":{"line":28,"column":0},"end":{"line":28,"column":27}},"28":{"start":{"line":29,"column":0},"end":{"line":29,"column":21}},"29":{"start":{"line":30,"column":0},"end":{"line":30,"column":23}},"30":{"start":{"line":31,"column":0},"end":{"line":31,"column":21}},"31":{"start":{"line":32,"column":0},"end":{"line":32,"column":27}},"32":{"start":{"line":33,"column":0},"end":{"line":33,"column":27}},"33":{"start":{"line":34,"column":0},"end":{"line":34,"column":23}},"34":{"start":{"line":35,"column":0},"end":{"line":35,"column":4}},"35":{"start":{"line":36,"column":0},"end":{"line":36,"column":2}},"37":{"start":{"line":38,"column":0},"end":{"line":38,"column":86}},"38":{"start":{"line":39,"column":0},"end":{"line":39,"column":44}},"39":{"start":{"line":40,"column":0},"end":{"line":40,"column":52}},"40":{"start":{"line":41,"column":0},"end":{"line":41,"column":1}}},"s":{"0":1,"2":11,"3":11,"4":11,"6":1,"7":1,"8":1,"9":1,"10":1,"11":1,"12":1,"13":1,"14":1,"15":1,"16":1,"17":1,"18":1,"19":1,"20":1,"21":1,"22":1,"23":1,"24":1,"25":1,"26":1,"27":1,"28":1,"29":1,"30":1,"31":1,"32":1,"33":1,"34":1,"35":1,"37":1,"38":11,"39":11,"40":11},"branchMap":{"0":{"type":"branch","line":3,"loc":{"start":{"line":3,"column":0},"end":{"line":5,"column":1}},"locations":[{"start":{"line":3,"column":0},"end":{"line":5,"column":1}}]},"1":{"type":"branch","line":38,"loc":{"start":{"line":38,"column":7},"end":{"line":41,"column":1}},"locations":[{"start":{"line":38,"column":7},"end":{"line":41,"column":1}}]},"2":{"type":"branch","line":40,"loc":{"start":{"line":40,"column":41},"end":{"line":40,"column":52}},"locations":[{"start":{"line":40,"column":41},"end":{"line":40,"column":52}}]}},"b":{"0":[11],"1":[11],"2":[0]},"fnMap":{"0":{"name":"normalizeStatus","decl":{"start":{"line":3,"column":0},"end":{"line":5,"column":1}},"loc":{"start":{"line":3,"column":0},"end":{"line":5,"column":1}},"line":3},"1":{"name":"getStatusLabel","decl":{"start":{"line":38,"column":7},"end":{"line":41,"column":1}},"loc":{"start":{"line":38,"column":7},"end":{"line":41,"column":1}},"line":38}},"f":{"0":11,"1":11}}
,"/Users/lvxiaoer/Documents/codeWork/easy-manim/ui/src/components/ARIALiveRegion.tsx": {"path":"/Users/lvxiaoer/Documents/codeWork/easy-manim/ui/src/components/ARIALiveRegion.tsx","all":false,"statementMap":{"0":{"start":{"line":1,"column":0},"end":{"line":1,"column":42}},"9":{"start":{"line":10,"column":0},"end":{"line":10,"column":32}},"10":{"start":{"line":11,"column":0},"end":{"line":11,"column":10}},"11":{"start":{"line":12,"column":0},"end":{"line":12,"column":19}},"12":{"start":{"line":13,"column":0},"end":{"line":13,"column":20}},"13":{"start":{"line":14,"column":0},"end":{"line":14,"column":25}},"14":{"start":{"line":15,"column":0},"end":{"line":15,"column":43}},"16":{"start":{"line":17,"column":0},"end":{"line":17,"column":19}},"17":{"start":{"line":18,"column":0},"end":{"line":18,"column":33}},"19":{"start":{"line":20,"column":0},"end":{"line":20,"column":38}},"20":{"start":{"line":21,"column":0},"end":{"line":21,"column":26}},"21":{"start":{"line":22,"column":0},"end":{"line":22,"column":39}},"22":{"start":{"line":23,"column":0},"end":{"line":23,"column":9}},"23":{"start":{"line":24,"column":0},"end":{"line":24,"column":21}},"24":{"start":{"line":25,"column":0},"end":{"line":25,"column":39}},"25":{"start":{"line":26,"column":0},"end":{"line":26,"column":5}},"26":{"start":{"line":27,"column":0},"end":{"line":27,"column":28}},"28":{"start":{"line":29,"column":0},"end":{"line":29,"column":10}},"29":{"start":{"line":30,"column":0},"end":{"line":30,"column":90}},"30":{"start":{"line":31,"column":0},"end":{"line":31,"column":15}},"31":{"start":{"line":32,"column":0},"end":{"line":32,"column":10}},"33":{"start":{"line":34,"column":0},"end":{"line":34,"column":1}},"36":{"start":{"line":37,"column":0},"end":{"line":37,"column":46}},"38":{"start":{"line":39,"column":0},"end":{"line":39,"column":34}},"39":{"start":{"line":40,"column":0},"end":{"line":40,"column":62}},"40":{"start":{"line":41,"column":0},"end":{"line":41,"column":71}},"42":{"start":{"line":43,"column":0},"end":{"line":43,"column":31}},"43":{"start":{"line":44,"column":0},"end":{"line":44,"column":87}},"44":{"start":{"line":45,"column":0},"end":{"line":45,"column":43}},"45":{"start":{"line":46,"column":0},"end":{"line":46,"column":22}},"48":{"start":{"line":49,"column":0},"end":{"line":49,"column":24}},"49":{"start":{"line":50,"column":0},"end":{"line":50,"column":25}},"50":{"start":{"line":51,"column":0},"end":{"line":51,"column":36}},"51":{"start":{"line":52,"column":0},"end":{"line":52,"column":6}},"52":{"start":{"line":53,"column":0},"end":{"line":53,"column":6}},"53":{"start":{"line":54,"column":0},"end":{"line":54,"column":4}},"55":{"start":{"line":56,"column":0},"end":{"line":56,"column":37}},"56":{"start":{"line":57,"column":0},"end":{"line":57,"column":41}},"57":{"start":{"line":58,"column":0},"end":{"line":58,"column":51}},"58":{"start":{"line":59,"column":0},"end":{"line":59,"column":6}},"59":{"start":{"line":60,"column":0},"end":{"line":60,"column":14}},"60":{"start":{"line":61,"column":0},"end":{"line":61,"column":4}},"62":{"start":{"line":63,"column":0},"end":{"line":63,"column":40}},"63":{"start":{"line":64,"column":0},"end":{"line":64,"column":41}},"64":{"start":{"line":65,"column":0},"end":{"line":65,"column":54}},"65":{"start":{"line":66,"column":0},"end":{"line":66,"column":6}},"66":{"start":{"line":67,"column":0},"end":{"line":67,"column":14}},"67":{"start":{"line":68,"column":0},"end":{"line":68,"column":4}},"69":{"start":{"line":70,"column":0},"end":{"line":70,"column":10}},"70":{"start":{"line":71,"column":0},"end":{"line":71,"column":12}},"71":{"start":{"line":72,"column":0},"end":{"line":72,"column":10}},"72":{"start":{"line":73,"column":0},"end":{"line":73,"column":13}},"73":{"start":{"line":74,"column":0},"end":{"line":74,"column":19}},"74":{"start":{"line":75,"column":0},"end":{"line":75,"column":22}},"75":{"start":{"line":76,"column":0},"end":{"line":76,"column":77}},"76":{"start":{"line":77,"column":0},"end":{"line":77,"column":4}},"77":{"start":{"line":78,"column":0},"end":{"line":78,"column":1}}},"s":{"0":1,"9":1,"10":15,"11":15,"12":15,"13":15,"14":15,"16":15,"17":15,"19":1,"20":0,"21":0,"22":0,"23":1,"24":1,"25":1,"26":15,"28":15,"29":15,"30":15,"31":15,"33":15,"36":1,"38":1,"39":16,"40":16,"42":16,"43":16,"44":1,"45":1,"48":1,"49":0,"50":1,"51":1,"52":16,"53":16,"55":16,"56":16,"57":1,"58":1,"59":16,"60":16,"62":16,"63":16,"64":0,"65":0,"66":16,"67":16,"69":16,"70":16,"71":16,"72":16,"73":16,"74":16,"75":16,"76":16,"77":16},"branchMap":{"0":{"type":"branch","line":10,"loc":{"start":{"line":10,"column":7},"end":{"line":34,"column":1}},"locations":[{"start":{"line":10,"column":7},"end":{"line":34,"column":1}}]},"1":{"type":"branch","line":17,"loc":{"start":{"line":17,"column":12},"end":{"line":27,"column":5}},"locations":[{"start":{"line":17,"column":12},"end":{"line":27,"column":5}}]},"2":{"type":"branch","line":18,"loc":{"start":{"line":18,"column":8},"end":{"line":18,"column":32}},"locations":[{"start":{"line":18,"column":8},"end":{"line":18,"column":32}}]},"3":{"type":"branch","line":18,"loc":{"start":{"line":18,"column":32},"end":{"line":26,"column":5}},"locations":[{"start":{"line":18,"column":32},"end":{"line":26,"column":5}}]},"4":{"type":"branch","line":25,"loc":{"start":{"line":25,"column":13},"end":{"line":25,"column":39}},"locations":[{"start":{"line":25,"column":13},"end":{"line":25,"column":39}}]},"5":{"type":"branch","line":39,"loc":{"start":{"line":39,"column":7},"end":{"line":78,"column":1}},"locations":[{"start":{"line":39,"column":7},"end":{"line":78,"column":1}}]},"6":{"type":"branch","line":44,"loc":{"start":{"line":44,"column":4},"end":{"line":52,"column":6}},"locations":[{"start":{"line":44,"column":4},"end":{"line":52,"column":6}}]},"7":{"type":"branch","line":45,"loc":{"start":{"line":45,"column":24},"end":{"line":45,"column":41}},"locations":[{"start":{"line":45,"column":24},"end":{"line":45,"column":41}}]},"8":{"type":"branch","line":57,"loc":{"start":{"line":57,"column":4},"end":{"line":59,"column":6}},"locations":[{"start":{"line":57,"column":4},"end":{"line":59,"column":6}}]},"9":{"type":"branch","line":76,"loc":{"start":{"line":76,"column":20},"end":{"line":76,"column":77}},"locations":[{"start":{"line":76,"column":20},"end":{"line":76,"column":77}}]}},"b":{"0":[15],"1":[15],"2":[1],"3":[1],"4":[1],"5":[16],"6":[1],"7":[0],"8":[1],"9":[15]},"fnMap":{"0":{"name":"ARIALiveRegion","decl":{"start":{"line":10,"column":7},"end":{"line":34,"column":1}},"loc":{"start":{"line":10,"column":7},"end":{"line":34,"column":1}},"line":10},"1":{"name":"useARIAMessage","decl":{"start":{"line":39,"column":7},"end":{"line":78,"column":1}},"loc":{"start":{"line":39,"column":7},"end":{"line":78,"column":1}},"line":39},"2":{"name":"ARIALiveRegion","decl":{"start":{"line":76,"column":20},"end":{"line":76,"column":77}},"loc":{"start":{"line":76,"column":20},"end":{"line":76,"column":77}},"line":76}},"f":{"0":15,"1":16,"2":15}}
,"/Users/lvxiaoer/Documents/codeWork/easy-manim/ui/src/components/ConfirmDialog.tsx": {"path":"/Users/lvxiaoer/Documents/codeWork/easy-manim/ui/src/components/ConfirmDialog.tsx","all":false,"statementMap":{"0":{"start":{"line":1,"column":0},"end":{"line":1,"column":72}},"1":{"start":{"line":2,"column":0},"end":{"line":2,"column":48}},"2":{"start":{"line":3,"column":0},"end":{"line":3,"column":40}},"3":{"start":{"line":4,"column":0},"end":{"line":4,"column":29}},"19":{"start":{"line":20,"column":0},"end":{"line":20,"column":31}},"20":{"start":{"line":21,"column":0},"end":{"line":21,"column":9}},"21":{"start":{"line":22,"column":0},"end":{"line":22,"column":8}},"22":{"start":{"line":23,"column":0},"end":{"line":23,"column":10}},"23":{"start":{"line":24,"column":0},"end":{"line":24,"column":14}},"24":{"start":{"line":25,"column":0},"end":{"line":25,"column":13}},"25":{"start":{"line":26,"column":0},"end":{"line":26,"column":17}},"26":{"start":{"line":27,"column":0},"end":{"line":27,"column":12}},"27":{"start":{"line":28,"column":0},"end":{"line":28,"column":11}},"28":{"start":{"line":29,"column":0},"end":{"line":29,"column":24}},"29":{"start":{"line":30,"column":0},"end":{"line":30,"column":26}},"30":{"start":{"line":31,"column":0},"end":{"line":31,"column":49}},"31":{"start":{"line":32,"column":0},"end":{"line":32,"column":59}},"32":{"start":{"line":33,"column":0},"end":{"line":33,"column":60}},"33":{"start":{"line":34,"column":0},"end":{"line":34,"column":26}},"34":{"start":{"line":35,"column":0},"end":{"line":35,"column":28}},"36":{"start":{"line":37,"column":0},"end":{"line":37,"column":50}},"37":{"start":{"line":38,"column":0},"end":{"line":38,"column":55}},"39":{"start":{"line":40,"column":0},"end":{"line":40,"column":22}},"40":{"start":{"line":41,"column":0},"end":{"line":41,"column":54}},"41":{"start":{"line":42,"column":0},"end":{"line":42,"column":146}},"42":{"start":{"line":43,"column":0},"end":{"line":43,"column":7}},"43":{"start":{"line":44,"column":0},"end":{"line":44,"column":6}},"44":{"start":{"line":45,"column":0},"end":{"line":45,"column":9}},"47":{"start":{"line":48,"column":0},"end":{"line":48,"column":36}},"48":{"start":{"line":49,"column":0},"end":{"line":49,"column":27}},"49":{"start":{"line":50,"column":0},"end":{"line":50,"column":31}},"50":{"start":{"line":51,"column":0},"end":{"line":51,"column":19}},"51":{"start":{"line":52,"column":0},"end":{"line":52,"column":15}},"52":{"start":{"line":53,"column":0},"end":{"line":53,"column":7}},"54":{"start":{"line":55,"column":0},"end":{"line":55,"column":28}},"55":{"start":{"line":56,"column":0},"end":{"line":56,"column":15}},"56":{"start":{"line":57,"column":0},"end":{"line":57,"column":7}},"58":{"start":{"line":59,"column":0},"end":{"line":59,"column":55}},"59":{"start":{"line":60,"column":0},"end":{"line":60,"column":38}},"60":{"start":{"line":61,"column":0},"end":{"line":61,"column":27}},"61":{"start":{"line":62,"column":0},"end":{"line":62,"column":15}},"62":{"start":{"line":63,"column":0},"end":{"line":63,"column":7}},"64":{"start":{"line":65,"column":0},"end":{"line":65,"column":48}},"65":{"start":{"line":66,"column":0},"end":{"line":66,"column":74}},"66":{"start":{"line":67,"column":0},"end":{"line":67,"column":73}},"68":{"start":{"line":69,"column":0},"end":{"line":69,"column":74}},"69":{"start":{"line":70,"column":0},"end":{"line":70,"column":27}},"70":{"start":{"line":71,"column":0},"end":{"line":71,"column":58}},"71":{"start":{"line":72,"column":0},"end":{"line":72,"column":15}},"72":{"start":{"line":73,"column":0},"end":{"line":73,"column":7}},"74":{"start":{"line":75,"column":0},"end":{"line":75,"column":57}},"75":{"start":{"line":76,"column":0},"end":{"line":76,"column":27}},"76":{"start":{"line":77,"column":0},"end":{"line":77,"column":28}},"77":{"start":{"line":78,"column":0},"end":{"line":78,"column":15}},"78":{"start":{"line":79,"column":0},"end":{"line":79,"column":7}},"80":{"start":{"line":81,"column":0},"end":{"line":81,"column":57}},"81":{"start":{"line":82,"column":0},"end":{"line":82,"column":27}},"82":{"start":{"line":83,"column":0},"end":{"line":83,"column":29}},"83":{"start":{"line":84,"column":0},"end":{"line":84,"column":7}},"84":{"start":{"line":85,"column":0},"end":{"line":85,"column":6}},"85":{"start":{"line":86,"column":0},"end":{"line":86,"column":36}},"86":{"start":{"line":87,"column":0},"end":{"line":87,"column":4}},"88":{"start":{"line":89,"column":0},"end":{"line":89,"column":19}},"89":{"start":{"line":90,"column":0},"end":{"line":90,"column":18}},"90":{"start":{"line":91,"column":0},"end":{"line":91,"column":13}},"91":{"start":{"line":92,"column":0},"end":{"line":92,"column":5}},"93":{"start":{"line":94,"column":0},"end":{"line":94,"column":30}},"94":{"start":{"line":95,"column":0},"end":{"line":95,"column":84}},"95":{"start":{"line":96,"column":0},"end":{"line":96,"column":58}},"96":{"start":{"line":97,"column":0},"end":{"line":97,"column":17}},"97":{"start":{"line":98,"column":0},"end":{"line":98,"column":58}},"98":{"start":{"line":99,"column":0},"end":{"line":99,"column":46}},"99":{"start":{"line":100,"column":0},"end":{"line":100,"column":5}},"101":{"start":{"line":102,"column":0},"end":{"line":102,"column":54}},"102":{"start":{"line":103,"column":0},"end":{"line":103,"column":40}},"103":{"start":{"line":104,"column":0},"end":{"line":104,"column":7}},"105":{"start":{"line":106,"column":0},"end":{"line":106,"column":18}},"106":{"start":{"line":107,"column":0},"end":{"line":107,"column":41}},"107":{"start":{"line":108,"column":0},"end":{"line":108,"column":61}},"108":{"start":{"line":109,"column":0},"end":{"line":109,"column":54}},"109":{"start":{"line":110,"column":0},"end":{"line":110,"column":50}},"110":{"start":{"line":111,"column":0},"end":{"line":111,"column":41}},"111":{"start":{"line":112,"column":0},"end":{"line":112,"column":7}},"112":{"start":{"line":113,"column":0},"end":{"line":113,"column":6}},"113":{"start":{"line":114,"column":0},"end":{"line":114,"column":30}},"115":{"start":{"line":116,"column":0},"end":{"line":116,"column":27}},"117":{"start":{"line":118,"column":0},"end":{"line":118,"column":10}},"118":{"start":{"line":119,"column":0},"end":{"line":119,"column":8}},"119":{"start":{"line":120,"column":0},"end":{"line":120,"column":40}},"120":{"start":{"line":121,"column":0},"end":{"line":121,"column":24}},"121":{"start":{"line":122,"column":0},"end":{"line":122,"column":19}},"122":{"start":{"line":123,"column":0},"end":{"line":123,"column":23}},"123":{"start":{"line":124,"column":0},"end":{"line":124,"column":31}},"124":{"start":{"line":125,"column":0},"end":{"line":125,"column":34}},"126":{"start":{"line":127,"column":0},"end":{"line":127,"column":10}},"127":{"start":{"line":128,"column":0},"end":{"line":128,"column":23}},"128":{"start":{"line":129,"column":0},"end":{"line":129,"column":34}},"129":{"start":{"line":130,"column":0},"end":{"line":130,"column":44}},"130":{"start":{"line":131,"column":0},"end":{"line":131,"column":21}},"132":{"start":{"line":133,"column":0},"end":{"line":133,"column":99}},"133":{"start":{"line":134,"column":0},"end":{"line":134,"column":25
[...]
":{"line":60,"column":64}},"60":{"start":{"line":61,"column":0},"end":{"line":61,"column":9}},"63":{"start":{"line":64,"column":0},"end":{"line":64,"column":53}},"64":{"start":{"line":65,"column":0},"end":{"line":65,"column":28}},"65":{"start":{"line":66,"column":0},"end":{"line":66,"column":9}},"67":{"start":{"line":68,"column":0},"end":{"line":68,"column":10}},"68":{"start":{"line":69,"column":0},"end":{"line":69,"column":10}},"69":{"start":{"line":70,"column":0},"end":{"line":70,"column":31}},"70":{"start":{"line":71,"column":0},"end":{"line":71,"column":27}},"71":{"start":{"line":72,"column":0},"end":{"line":72,"column":16}},"72":{"start":{"line":73,"column":0},"end":{"line":73,"column":13}},"73":{"start":{"line":74,"column":0},"end":{"line":74,"column":12}},"74":{"start":{"line":75,"column":0},"end":{"line":75,"column":4}},"75":{"start":{"line":76,"column":0},"end":{"line":76,"column":1}}},"s":{"4":1,"8":1,"9":1,"11":1,"12":1,"14":1,"15":1,"16":1,"17":0,"18":0,"21":1,"22":1,"23":1,"24":0,"25":0,"26":1,"28":1,"29":1,"31":1,"32":1,"33":1,"35":0,"36":1,"38":1,"39":3,"40":3,"43":3,"44":1,"45":1,"46":1,"47":3,"50":3,"51":2,"53":1,"54":1,"55":3,"58":3,"59":0,"60":3,"63":3,"64":0,"65":3,"67":3,"68":3,"69":3,"70":3,"71":3,"72":3,"73":3,"74":3,"75":3},"branchMap":{"0":{"type":"branch","line":12,"loc":{"start":{"line":12,"column":0},"end":{"line":27,"column":1}},"locations":[{"start":{"line":12,"column":0},"end":{"line":27,"column":1}}]},"1":{"type":"branch","line":13,"loc":{"start":{"line":13,"column":37},"end":{"line":13,"column":58}},"locations":[{"start":{"line":13,"column":37},"end":{"line":13,"column":58}}]},"2":{"type":"branch","line":17,"loc":{"start":{"line":17,"column":48},"end":{"line":19,"column":5}},"locations":[{"start":{"line":17,"column":48},"end":{"line":19,"column":5}}]},"3":{"type":"branch","line":23,"loc":{"start":{"line":23,"column":11},"end":{"line":23,"column":35}},"locations":[{"start":{"line":23,"column":11},"end":{"line":23,"column":35}}]},"4":{"type":"branch","line":24,"loc":{"start":{"line":24,"column":2},"end":{"line":26,"column":3}},"locations":[{"start":{"line":24,"column":2},"end":{"line":26,"column":3}}]},"5":{"type":"branch","line":29,"loc":{"start":{"line":29,"column":0},"end":{"line":37,"column":1}},"locations":[{"start":{"line":29,"column":0},"end":{"line":37,"column":1}}]},"6":{"type":"branch","line":30,"loc":{"start":{"line":30,"column":37},"end":{"line":30,"column":44}},"locations":[{"start":{"line":30,"column":37},"end":{"line":30,"column":44}}]},"7":{"type":"branch","line":34,"loc":{"start":{"line":34,"column":2},"end":{"line":36,"column":3}},"locations":[{"start":{"line":34,"column":2},"end":{"line":36,"column":3}}]},"8":{"type":"branch","line":39,"loc":{"start":{"line":39,"column":7},"end":{"line":76,"column":1}},"locations":[{"start":{"line":39,"column":7},"end":{"line":76,"column":1}}]},"9":{"type":"branch","line":44,"loc":{"start":{"line":44,"column":12},"end":{"line":48,"column":5}},"locations":[{"start":{"line":44,"column":12},"end":{"line":48,"column":5}}]},"10":{"type":"branch","line":51,"loc":{"start":{"line":51,"column":12},"end":{"line":56,"column":5}},"locations":[{"start":{"line":51,"column":12},"end":{"line":56,"column":5}}]},"11":{"type":"branch","line":52,"loc":{"start":{"line":52,"column":18},"end":{"line":55,"column":26}},"locations":[{"start":{"line":52,"column":18},"end":{"line":55,"column":26}}]}},"b":{"0":[1],"1":[0],"2":[0],"3":[0],"4":[0],"5":[1],"6":[0],"7":[0],"8":[3],"9":[1],"10":[2],"11":[1]},"fnMap":{"0":{"name":"getStoredTheme","decl":{"start":{"line":12,"column":0},"end":{"line":27,"column":1}},"loc":{"start":{"line":12,"column":0},"end":{"line":27,"column":1}},"line":12},"1":{"name":"setStoredTheme","decl":{"start":{"line":29,"column":0},"end":{"line":37,"column":1}},"loc":{"start":{"line":29,"column":0},"end":{"line":37,"column":1}},"line":29},"2":{"name":"useTheme","decl":{"start":{"line":39,"column":7},"end":{"line":76,"column":1}},"loc":{"start":{"line":39,"column":7},"end":{"line":76,"column":1}},"line":39}},"f":{"0":1,"1":1,"2":3}}
,"/Users/lvxiaoer/Documents/codeWork/easy-manim/ui/src/studio/store/index.ts": {"path":"/Users/lvxiaoer/Documents/codeWork/easy-manim/ui/src/studio/store/index.ts","all":false,"statementMap":{"0":{"start":{"line":1,"column":0},"end":{"line":1,"column":47}}},"s":{"0":1},"branchMap":{},"b":{},"fnMap":{},"f":{}}
,"/Users/lvxiaoer/Documents/codeWork/easy-manim/ui/src/studio/store/studioStore.ts": {"path":"/Users/lvxiaoer/Documents/codeWork/easy-manim/ui/src/studio/store/studioStore.ts","all":false,"statementMap":{"3":{"start":{"line":4,"column":0},"end":{"line":4,"column":33}},"4":{"start":{"line":5,"column":0},"end":{"line":5,"column":45}},"66":{"start":{"line":67,"column":0},"end":{"line":67,"column":48}},"67":{"start":{"line":68,"column":0},"end":{"line":68,"column":21}},"68":{"start":{"line":69,"column":0},"end":{"line":69,"column":18}},"69":{"start":{"line":70,"column":0},"end":{"line":70,"column":19}},"70":{"start":{"line":71,"column":0},"end":{"line":71,"column":18}},"71":{"start":{"line":72,"column":0},"end":{"line":72,"column":2}},"73":{"start":{"line":74,"column":0},"end":{"line":74,"column":22}},"74":{"start":{"line":75,"column":0},"end":{"line":75,"column":13}},"75":{"start":{"line":76,"column":0},"end":{"line":76,"column":35}},"76":{"start":{"line":77,"column":0},"end":{"line":77,"column":22}},"77":{"start":{"line":78,"column":0},"end":{"line":78,"column":34}},"78":{"start":{"line":79,"column":0},"end":{"line":79,"column":23}},"79":{"start":{"line":80,"column":0},"end":{"line":80,"column":24}},"80":{"start":{"line":81,"column":0},"end":{"line":81,"column":20}},"82":{"start":{"line":83,"column":0},"end":{"line":83,"column":41}},"83":{"start":{"line":84,"column":0},"end":{"line":84,"column":2}},"85":{"start":{"line":86,"column":0},"end":{"line":86,"column":52}},"86":{"start":{"line":87,"column":0},"end":{"line":87,"column":10}},"87":{"start":{"line":88,"column":0},"end":{"line":88,"column":20}},"88":{"start":{"line":89,"column":0},"end":{"line":89,"column":22}},"91":{"start":{"line":92,"column":0},"end":{"line":92,"column":45}},"94":{"start":{"line":95,"column":0},"end":{"line":95,"column":59}},"95":{"start":{"line":96,"column":0},"end":{"line":96,"column":47}},"96":{"start":{"line":97,"column":0},"end":{"line":97,"column":38}},"97":{"start":{"line":98,"column":0},"end":{"line":98,"column":26}},"98":{"start":{"line":99,"column":0},"end":{"line":99,"column":15}},"99":{"start":{"line":100,"column":0},"end":{"line":100,"column":96}},"100":{"start":{"line":101,"column":0},"end":{"line":101,"column":13}},"101":{"start":{"line":102,"column":0},"end":{"line":102,"column":9}},"102":{"start":{"line":103,"column":0},"end":{"line":103,"column":8}},"105":{"start":{"line":106,"column":0},"end":{"line":106,"column":63}},"108":{"start":{"line":109,"column":0},"end":{"line":109,"column":42}},"109":{"start":{"line":110,"column":0},"end":{"line":110,"column":45}},"112":{"start":{"line":113,"column":0},"end":{"line":113,"column":26}},"113":{"start":{"line":114,"column":0},"end":{"line":114,"column":25}},"114":{"start":{"line":115,"column":0},"end":{"line":115,"column":46}},"115":{"start":{"line":116,"column":0},"end":{"line":116,"column":77}},"116":{"start":{"line":117,"column":0},"end":{"line":117,"column":69}},"117":{"start":{"line":118,"column":0},"end":{"line":118,"column":12}},"118":{"start":{"line":119,"column":0},"end":{"line":119,"column":56}},"120":{"start":{"line":121,"column":0},"end":{"line":121,"column":27}},"121":{"start":{"line":122,"column":0},"end":{"line":122,"column":25}},"122":{"start":{"line":123,"column":0},"end":{"line":123,"column":48}},"123":{"start":{"line":124,"column":0},"end":{"line":124,"column":76}},"124":{"start":{"line":125,"column":0},"end":{"line":125,"column":70}},"125":{"start":{"line":126,"column":0},"end":{"line":126,"column":12}},"126":{"start":{"line":127,"column":0},"end":{"line":127,"column":58}},"128":{"start":{"line":129,"column":0},"end":{"line":129,"column":23}},"129":{"start":{"line":130,"column":0},"end":{"line":130,"column":25}},"130":{"start":{"line":131,"column":0},"end":{"line":131,"column":40}},"131":{"start":{"line":132,"column":0},"end":{"line":132,"column":72}},"132":{"start":{"line":133,"column":0},"end":{"line":133,"column":74}},"133":{"start":{"line":134,"column":0},"end":{"line":134,"column":12}},"134":{"start":{"line":135,"column":0},"end":{"line":135,"column":50}},"137":{"start":{"line":138,"column":0},"end":{"line":138,"column":41}},"138":{"start":{"line":139,"column":0},"end":{"line":139,"column":25}},"139":{"start":{"line":140,"column":0},"end":{"line":140,"column":69}},"140":{"start":{"line":141,"column":0},"end":{"line":141,"column":12}},"143":{"start":{"line":144,"column":0},"end":{"line":144,"column":37}},"144":{"start":{"line":145,"column":0},"end":{"line":145,"column":7}},"145":{"start":{"line":146,"column":0},"end":{"line":146,"column":5}},"146":{"start":{"line":147,"column":0},"end":{"line":147,"column":29}},"147":{"start":{"line":148,"column":0},"end":{"line":148,"column":31}},"148":{"start":{"line":149,"column":0},"end":{"line":149,"column":49}},"149":{"start":{"line":150,"column":0},"end":{"line":150,"column":9}},"150":{"start":{"line":151,"column":0},"end":{"line":151,"column":5}},"151":{"start":{"line":152,"column":0},"end":{"line":152,"column":3}},"152":{"start":{"line":153,"column":0},"end":{"line":153,"column":2}}},"s":{"3":1,"4":1,"66":1,"67":1,"68":1,"69":1,"70":1,"71":1,"73":1,"74":1,"75":1,"76":1,"77":1,"78":1,"79":1,"80":1,"82":1,"83":1,"85":1,"86":1,"87":1,"88":4,"91":4,"94":4,"95":4,"96":3,"97":3,"98":2,"99":2,"100":2,"101":2,"102":3,"105":4,"108":4,"109":4,"112":4,"113":5,"114":5,"115":5,"116":5,"117":5,"118":4,"120":4,"121":3,"122":3,"123":3,"124":3,"125":3,"126":4,"128":4,"129":3,"130":3,"131":3,"132":3,"133":3,"134":4,"137":4,"138":3,"139":3,"140":3,"143":4,"144":4,"145":1,"146":1,"147":1,"148":57,"149":57,"150":1,"151":1,"152":1},"branchMap":{"0":{"type":"branch","line":88,"loc":{"start":{"line":88,"column":4},"end":{"line":145,"column":7}},"locations":[{"start":{"line":88,"column":4},"end":{"line":145,"column":7}}]},"1":{"type":"branch","line":92,"loc":{"start":{"line":92,"column":17},"end":{"line":92,"column":45}},"locations":[{"start":{"line":92,"column":17},"end":{"line":92,"column":45}}]},"2":{"type":"branch","line":95,"loc":{"start":{"line":95,"column":22},"end":{"line":95,"column":59}},"locations":[{"start":{"line":95,"column":22},"end":{"line":95,"column":59}}]},"3":{"type":"branch","line":96,"loc":{"start":{"line":96,"column":24},"end":{"line":103,"column":8}},"locations":[{"start":{"line":96,"column":24},"end":{"line":103,"column":8}}]},"4":{"type":"branch","line":98,"loc":{"start":{"line":98,"column":25},"end":{"line":102,"column":9}},"locations":[{"start":{"line":98,"column":25},"end":{"line":102,"column":9}}]},"5":{"type":"branch","line":100,"loc":{"start":{"line":100,"column":61},"end":{"line":100,"column":94}},"locations":[{"start":{"line":100,"column":61},"end":{"line":100,"column":94}}]},"6":{"type":"branch","line":106,"loc":{"start":{"line":106,"column":23},"end":{"line":106,"column":63}},"locations":[{"start":{"line":106,"column":23},"end":{"line":106,"column":63}}]},"7":{"type":"branch","line":109,"loc":{"start":{"line":109,"column":16},"end":{"line":109,"column":42}},"locations":[{"start":{"line":109,"column":16},"end":{"line":109,"column":42}}]},"8":{"type":"branch","line":110,"loc":{"start":{"line":110,"column":18},"end":{"line":110,"column":45}},"locations":[{"start":{"line":110,"column":18},"end":{"line":110,"column":45}}]},"9":{"type":"branch","line":113,"loc":{"start":{"line":113,"column":21},"end":{"line":118,"column":12}},"locations":[{"start":{"line":113,"column":21},"end":{"line":118,"column":12}}]},"10":{"type":"branch","line":114,"loc":{"start":{"line":114,"column":12},"end":{"line":118,"column":10}},"locations":[{"start":{"line":114,"column":12},"end":{"line":118,"column":10}}]},"11":{"type":"branch","line":116,"loc":{"start":{"line":116,"column":32},"end":{"line":116,"column":71}},"locations":[{"start":{"line":116,"column":32},"end":{"line":116,"column":71}}]},"12":{"type":"branch","line":116,"loc":{"start":{"line":116,"column":54},"end":{"line":116,"column":77}},"locations":[{"start":{"line":116,"column":54},"end":{"line":116,"column":77}}]},"13":{"type":"branch","line":117,"loc":{"start":{"line":117,"column":28},"end":{"line":117,"column":63}},"locations":[{"start":{"line":117,"column":28},"end":{"line":117,"column":63}}]},"14":{"type":"branch","line":117,"loc":{"start":{"line":117,"column":50},"end":{"line":117,"column":69}},"locations":[{"start":{"line":117,"column":50},"end":{"line":117,"column":69}}]},"15":{"type":"branch","line":119,"loc":{"start":{"line":119,"column":20},"end":{"line":119,"column":56}},"locations":[{"start":{"line":119,"column":20},"end":{"line":119,"column":56}}]},"16":{"type":"branch","line":121,"loc":{"start":{"line":121,"column":22},"end":{"line":126,"column":12}},"locations":[{"start":{"line":121,"column":22},"end":{"line":126,"column":12}}]},"17":{"type":"branch","line":122,"loc":{"start":{"line":122,"column":12},"end":{"line":126,"column":10}},"locations":[{"start":{"line":122,"column":12},"end":{"line":126,"column":10}}]},"18":{"type":"branch","line":124,"loc":{"start":{"line":124,"column":31},"end":{"line":124,"column":70}},"locations":[{"start":{"line":124,"column":31},"end":{"line":124,"column":70}}]},"19":{"type":"branch","line":125,"loc":{"start":{"line":125,"column":28},"end":{"line":125,"column":64}},"locations":[{"start":{"line":125,"column":28},"end":{"line":125,"column":64}}]},"20":{"type":"branch","line":127,"loc":{"start":{"line":127,"column":21},"end":{"line":127,"column":58}},"locations":[{"start":{"line":127,"column":21},"end":{"line":127,"column":58}}]},"21":{"type":"branch","line":129,"loc":{"start":{"line":129,"column":18},"end":{"line":134,"column":12}},"locations":[{"start":{"line":129,"column":18},"end":{"line":134,"column":12}}]},"22":{"type":"branch","line":130,"loc":{"start":{"line":130,"column":12},"end":{"line":134,"column":10}},"locations":[{"start":{"line":130,"column":12},"end":{"line":134,"column":10}}]},"23":{"type":"branch","line":132,"loc":{"start":{"line":132,"column":31},"end":{"line":132,"column":66}},"locations":[{"start":{"line":132,"column":31},"end":{"line":132,"column":66}}]},"24":{"type":"branch","line":133,"loc":{"start":{"line":133,"column":32},"end":{"line":133,"column":68}},"locations":[{"start":{"line":133,"column":32},"end":{"line":133,"column":68}}]},"25":{"type":"branch","line":135,"loc":{"start":{"line":135,"column":17},"end":{"line":135,"column":50}},"locations":[{"start":{"line":135,"column":17},"end":{"line":135,"column":50}}]},"26":{"type":"branch","line":138,"loc":{"start":{"line":138,"column":30},"end":{"line":141,"column":12}},"locations":[{"start":{"line":138,"column":30},"end":{"line":141,"column":12}}]},"27":{"type":"branch","line":139,"loc":{"start":{"line":139,"column":12},"end":{"line":141,"column":10}},"locations":[{"start":{"line":139,"column":12},"end":{"line":141,"column":10}}]},"28":{"type":"branch","line":144,"loc":{"start":{"line":144,"column":13},"end":{"line":144,"column":37}},"locations":[{"start":{"line":144,"column":13},"end":{"line":144,"column":37}}]},"29":{"type":"branch","line":148,"loc":{"start":{"line":148,"column":18},"end":{"line":150,"column":9}},"locations":[{"start":{"line":148,"column":18},"end":{"line":150,"column":9}}]}},"b":{"0":[4],"1":[3],"2":[4],"3":[3],"4":[2],"5":[1],"6":[1],"7":[3],"8":[1],"9":[5],"10":[5],"11":[1],"12":[4],"13":[1],"14":[4],"15":[2],"16":[3],"17":[3],"18":[0],"19":[0],"20":[2],"21":[3],"22":[3],"23":[0],"24":[0],"25":[1],"26":[3],"27":[3],"28":[24],"29":[57]},"fnMap":{"0":{"name":"useStudioStore.name","decl":{"start":{"line":88,"column":4},"end":{"line":145,"column":7}},"loc":{"start":{"line":88,"column":4},"end":{"line":145,"column":7}},"line":88},"1":{"name":"setPrompt","decl":{"start":{"line":92,"column":17},"end":{"line":92,"column":45}},"loc":{"start":{"line":92,"column":17},"end":{"line":92,"column":45}},"line":92},"2":{"name":"setCurrentTask","decl":{"start":{"line":95,"column":22},"end":{"line":95,"column":59}},"loc":{"start":{"line":95,"column":22},"end":{"line":95,"column":59}},"line":95},"3":{"name":"updateTaskStatus","decl":{"start":{"line":96,"column":24},"end":{"line":103,"column":8}},"loc":{"start":{"line":96,"column":24},"end":{"line":103,"column":8}},"line":96},"4":{"name":"setIsGenerating","decl":{"start":{"line":106,"column":23},"end":{"line":106,"column":63}},"loc":{"start":{"line":106,"column":23},"end":{"line":106,"column":63}},"line":106},"5":{"name":"setError","decl":{"start":{"line":109,"column":16},"end":{"line":109,"column":42}},"loc":{"start":{"line":109,"column":16},"end":{"line":109,"column":42}},"line":109},"6":{"name":"clearError","decl":{"start":{"line":110,"column":18},"end":{"line":110,"column":45}},"loc":{"start":{"line":110,"column":18},"end":{"line":110,"column":45}},"line":110},"7":{"name":"toggleHistory","decl":{"start":{"line":113,"column":21},"end":{"line":118,"column":12}},"loc":{"start":{"line":113,"column":21},"end":{"line":118,"column":12}},"line":113},"8":{"name":"closeHistory","decl":{"start":{"line":119,"column":20},"end":{"line":119,"column":56}},"loc":{"start":{"line":119,"column":20},"end":{"line":119,"column":56}},"line":119},"9":{"name":"toggleSettings","decl":{"start":{"line":121,"column":22},"end":{"line":126,"column":12}},"loc":{"start":{"line":121,"column":22},"end":{"line":126,"column":12}},"line":121},"10":{"name":"closeSettings","decl":{"start":{"line":127,"column":21},"end":{"line":127,"column":58}},"loc":{"start":{"line":127,"column":21},"end":{"line":127,"column":58}},"line":127},"11":{"name":"toggleHelp","decl":{"start":{"line":129,"column":18},"end":{"line":134,"column":12}},"loc":{"start":{"line":129,"column":18},"end":{"line":134,"column":12}},"line":129},"12":{"name":"closeHelp","decl":{"start":{"line":135,"column":17},"end":{"line":135,"column":50}},"loc":{"start":{"line":135,"column":17},"end":{"line":135,"column":50}},"line":135},"13":{"name":"updateGenerationParams","decl":{"start":{"line":138,"column":30},"end":{"line":141,"column":12}},"loc":{"start":{"line":138,"column":30},"end":{"line":141,"column":12}},"line":138},"14":{"name":"reset","decl":{"start":{"line":144,"column":13},"end":{"line":144,"column":37}},"loc":{"start":{"line":144,"column":13},"end":{"line":144,"column":37}},"line":144},"15":{"name":"partialize","decl":{"start":{"line":148,"column":18},"end":{"line":150,"column":9}},"loc":{"start":{"line":148,"column":18},"end":{"line":150,"column":9}},"line":148}},"f":{"0":4,"1":3,"2":4,"3":3,"4":1,"5":3,"6":1,"7":5,"8":2,"9":3,"10":2,"11":3,"12":1,"13":3,"14":24,"15":57}}
,"/Users/lvxiaoer/Documents/codeWork/easy-manim/ui/src/studio/styles/index.ts": {"path":"/Users/lvxiaoer/Documents/codeWork/easy-manim/ui/src/studio/styles/index.ts","all":true,"statementMap":{"5":{"start":{"line":6,"column":0},"end":{"line":6,"column":62}},"6":{"start":{"line":7,"column":0},"end":{"line":7,"column":70}},"7":{"start":{"line":8,"column":0},"end":{"line":8,"column":68}},"8":{"start":{"line":9,"column":0},"end":{"line":9,"column":76}},"9":{"start":{"line":10,"column":0},"end":{"line":10,"column":76}},"10":{"start":{"line":11,"column":0},"end":{"line":11,"column":68}},"11":{"start":{"line":12,"column":0},"end":{"line":12,"column":72}}},"s":{"5":0,"6":0,"7":0,"8":0,"9":0,"10":0,"11":0},"branchMap":{"0":{"type":"branch","line":1,"loc":{"start":{"line":1,"column":542},"end":{"line":12,"column":72}},"locations":[{"start":{"line":1,"column":542},"end":{"line":12,"column":72}}]}},"b":{"0":[1]},"fnMap":{"0":{"name":"(empty-report)","decl":{"start":{"line":1,"column":542},"end":{"line":12,"column":72}},"loc":{"start":{"line":1,"column":542},"end":{"line":12,"column":72}},"line":1}},"f":{"0":1}}
}
